\BOOKMARK [0][-]{chapter.1}{\376\377\0001\000\040\0003\000D\000V\000i\000e\000w\000e\000r\000\040\000v\0002\000.\0000}{}% 1
\BOOKMARK [1][-]{section.1.1}{\376\377\0001\000.\0001\000\040\000T\000a\000b\000l\000e\000\040\000o\000f\000\040\000C\000o\000n\000t\000e\000n\000t\000s}{chapter.1}% 2
\BOOKMARK [1][-]{section.1.2}{\376\377\0001\000.\0002\000\040\000P\000r\000o\000j\000e\000c\000t\000\040\000D\000e\000s\000c\000r\000i\000p\000t\000i\000o\000n}{chapter.1}% 3
\BOOKMARK [1][-]{section.1.3}{\376\377\0001\000.\0003\000\040\000F\000e\000a\000t\000u\000r\000e\000s}{chapter.1}% 4
\BOOKMARK [1][-]{section.1.4}{\376\377\0001\000.\0004\000\040\000A\000d\000d\000i\000t\000i\000o\000n\000a\000l\000\040\000F\000e\000a\000t\000u\000r\000e\000s}{chapter.1}% 5
\BOOKMARK [2][-]{subsection.1.4.1}{\376\377\0001\000.\0004\000.\0001\000\040\000S\000e\000t\000t\000i\000n\000g\000s}{section.1.4}% 6
\BOOKMARK [2][-]{subsection.1.4.2}{\376\377\0001\000.\0004\000.\0002\000\040\000R\000e\000c\000o\000r\000d\000i\000n\000g}{section.1.4}% 7
\BOOKMARK [1][-]{section.1.5}{\376\377\0001\000.\0005\000\040\000T\000e\000c\000h\000n\000i\000c\000a\000l\000\040\000R\000e\000q\000u\000i\000r\000e\000m\000e\000n\000t\000s}{chapter.1}% 8
\BOOKMARK [1][-]{section.1.6}{\376\377\0001\000.\0006\000\040\000I\000n\000s\000t\000a\000l\000l\000a\000t\000i\000o\000n}{chapter.1}% 9
\BOOKMARK [1][-]{section.1.7}{\376\377\0001\000.\0007\000\040\000O\000t\000h\000e\000r\000\040\000f\000u\000n\000c\000t\000i\000o\000n\000s}{chapter.1}% 10
\BOOKMARK [1][-]{section.1.8}{\376\377\0001\000.\0008\000\040\000A\000u\000t\000h\000o\000r\000s}{chapter.1}% 11
\BOOKMARK [0][-]{chapter.2}{\376\377\0002\000\040\000N\000a\000m\000e\000s\000p\000a\000c\000e\000\040\000I\000n\000d\000e\000x}{}% 12
\BOOKMARK [1][-]{section.2.1}{\376\377\0002\000.\0001\000\040\000N\000a\000m\000e\000s\000p\000a\000c\000e\000\040\000L\000i\000s\000t}{chapter.2}% 13
\BOOKMARK [0][-]{chapter.3}{\376\377\0003\000\040\000H\000i\000e\000r\000a\000r\000c\000h\000i\000c\000a\000l\000\040\000I\000n\000d\000e\000x}{}% 14
\BOOKMARK [1][-]{section.3.1}{\376\377\0003\000.\0001\000\040\000C\000l\000a\000s\000s\000\040\000H\000i\000e\000r\000a\000r\000c\000h\000y}{chapter.3}% 15
\BOOKMARK [0][-]{chapter.4}{\376\377\0004\000\040\000C\000l\000a\000s\000s\000\040\000I\000n\000d\000e\000x}{}% 16
\BOOKMARK [1][-]{section.4.1}{\376\377\0004\000.\0001\000\040\000C\000l\000a\000s\000s\000\040\000L\000i\000s\000t}{chapter.4}% 17
\BOOKMARK [0][-]{chapter.5}{\376\377\0005\000\040\000F\000i\000l\000e\000\040\000I\000n\000d\000e\000x}{}% 18
\BOOKMARK [1][-]{section.5.1}{\376\377\0005\000.\0001\000\040\000F\000i\000l\000e\000\040\000L\000i\000s\000t}{chapter.5}% 19
\BOOKMARK [0][-]{chapter.6}{\376\377\0006\000\040\000N\000a\000m\000e\000s\000p\000a\000c\000e\000\040\000D\000o\000c\000u\000m\000e\000n\000t\000a\000t\000i\000o\000n}{}% 20
\BOOKMARK [1][-]{section.6.1}{\376\377\0006\000.\0001\000\040\000s\0002\0001\000\040\000N\000a\000m\000e\000s\000p\000a\000c\000e\000\040\000R\000e\000f\000e\000r\000e\000n\000c\000e}{chapter.6}% 21
\BOOKMARK [2][-]{subsection.6.1.1}{\376\377\0006\000.\0001\000.\0001\000\040\000T\000y\000p\000e\000d\000e\000f\000\040\000D\000o\000c\000u\000m\000e\000n\000t\000a\000t\000i\000o\000n}{section.6.1}% 22
\BOOKMARK [3][-]{subsubsection.6.1.1.1}{\376\377\0006\000.\0001\000.\0001\000.\0001\000\040\000P\000o\000i\000n\000t}{subsection.6.1.1}% 23
\BOOKMARK [2][-]{subsection.6.1.2}{\376\377\0006\000.\0001\000.\0002\000\040\000F\000u\000n\000c\000t\000i\000o\000n\000\040\000D\000o\000c\000u\000m\000e\000n\000t\000a\000t\000i\000o\000n}{section.6.1}% 24
\BOOKMARK [3][-]{subsubsection.6.1.2.1}{\376\377\0006\000.\0001\000.\0002\000.\0001\000\040\000s\000e\000t\000u\000p\000\137\000b\000u\000t\000t\000o\000n\000\050\000\051}{subsection.6.1.2}% 25
\BOOKMARK [3][-]{subsubsection.6.1.2.2}{\376\377\0006\000.\0001\000.\0002\000.\0002\000\040\000s\000e\000t\000u\000p\000\137\000c\000o\000m\000b\000o\000b\000o\000x\000\050\000\051}{subsection.6.1.2}% 26
\BOOKMARK [3][-]{subsubsection.6.1.2.3}{\376\377\0006\000.\0001\000.\0002\000.\0003\000\040\000s\000e\000t\000u\000p\000\137\000l\000a\000b\000e\000l\000\050\000\051}{subsection.6.1.2}% 27
\BOOKMARK [3][-]{subsubsection.6.1.2.4}{\376\377\0006\000.\0001\000.\0002\000.\0004\000\040\000s\000e\000t\000u\000p\000\137\000s\000c\000r\000o\000l\000l\000b\000a\000r\000\050\000\051}{subsection.6.1.2}% 28
\BOOKMARK [3][-]{subsubsection.6.1.2.5}{\376\377\0006\000.\0001\000.\0002\000.\0005\000\040\000s\000e\000t\000u\000p\000\137\000s\000p\000i\000n\000b\000o\000x\000\050\000\051}{subsection.6.1.2}% 29
\BOOKMARK [1][-]{section.6.2}{\376\377\0006\000.\0002\000\040\000U\000i\000\040\000N\000a\000m\000e\000s\000p\000a\000c\000e\000\040\000R\000e\000f\000e\000r\000e\000n\000c\000e}{chapter.6}% 30
\BOOKMARK [0][-]{chapter.7}{\376\377\0007\000\040\000C\000l\000a\000s\000s\000\040\000D\000o\000c\000u\000m\000e\000n\000t\000a\000t\000i\000o\000n}{}% 31
\BOOKMARK [1][-]{section.7.1}{\376\377\0007\000.\0001\000\040\000s\0002\0001\000:\000:\000C\000o\000n\000t\000r\000o\000l\000l\000e\000r\000\040\000C\000l\000a\000s\000s\000\040\000R\000e\000f\000e\000r\000e\000n\000c\000e}{chapter.7}% 32
\BOOKMARK [2][-]{subsection.7.1.1}{\376\377\0007\000.\0001\000.\0001\000\040\000D\000e\000t\000a\000i\000l\000e\000d\000\040\000D\000e\000s\000c\000r\000i\000p\000t\000i\000o\000n}{section.7.1}% 33
\BOOKMARK [2][-]{subsection.7.1.2}{\376\377\0007\000.\0001\000.\0002\000\040\000C\000o\000n\000s\000t\000r\000u\000c\000t\000o\000r\000\040\000\046\000\040\000D\000e\000s\000t\000r\000u\000c\000t\000o\000r\000\040\000D\000o\000c\000u\000m\000e\000n\000t\000a\000t\000i\000o\000n}{section.7.1}% 34
\BOOKMARK [3][-]{subsubsection.7.1.2.1}{\376\377\0007\000.\0001\000.\0002\000.\0001\000\040\000C\000o\000n\000t\000r\000o\000l\000l\000e\000r\000\050\000\051}{subsection.7.1.2}% 35
\BOOKMARK [3][-]{subsubsection.7.1.2.2}{\376\377\0007\000.\0001\000.\0002\000.\0002\000\040\000\040\000C\000o\000n\000t\000r\000o\000l\000l\000e\000r\000\050\000\051}{subsection.7.1.2}% 36
\BOOKMARK [2][-]{subsection.7.1.3}{\376\377\0007\000.\0001\000.\0003\000\040\000M\000e\000m\000b\000e\000r\000\040\000F\000u\000n\000c\000t\000i\000o\000n\000\040\000D\000o\000c\000u\000m\000e\000n\000t\000a\000t\000i\000o\000n}{section.7.1}% 37
\BOOKMARK [3][-]{subsubsection.7.1.3.1}{\376\377\0007\000.\0001\000.\0003\000.\0001\000\040\000g\000e\000t\000\137\000f\000i\000g\000u\000r\000e\000\050\000\051}{subsection.7.1.3}% 38
\BOOKMARK [3][-]{subsubsection.7.1.3.2}{\376\377\0007\000.\0001\000.\0003\000.\0002\000\040\000g\000e\000t\000\137\000m\000o\000d\000e\000l\000\137\000d\000a\000t\000a\000\050\000\051}{subsection.7.1.3}% 39
\BOOKMARK [3][-]{subsubsection.7.1.3.3}{\376\377\0007\000.\0001\000.\0003\000.\0003\000\040\000m\000o\000v\000e\000\137\000m\000o\000d\000e\000l\000\050\000\051}{subsection.7.1.3}% 40
\BOOKMARK [3][-]{subsubsection.7.1.3.4}{\376\377\0007\000.\0001\000.\0003\000.\0004\000\040\000r\000e\000a\000d\000\137\000m\000o\000d\000e\000l\000\050\000\051}{subsection.7.1.3}% 41
\BOOKMARK [3][-]{subsubsection.7.1.3.5}{\376\377\0007\000.\0001\000.\0003\000.\0005\000\040\000r\000e\000s\000e\000t\000\137\000m\000o\000d\000e\000l\000\137\000p\000o\000s\000\050\000\051}{subsection.7.1.3}% 42
\BOOKMARK [3][-]{subsubsection.7.1.3.6}{\376\377\0007\000.\0001\000.\0003\000.\0006\000\040\000r\000o\000t\000a\000t\000e\000\137\000m\000o\000d\000e\000l\000\050\000\051}{subsection.7.1.3}% 43
\BOOKMARK [3][-]{subsubsection.7.1.3.7}{\376\377\0007\000.\0001\000.\0003\000.\0007\000\040\000s\000c\000a\000l\000e\000\137\000m\000o\000d\000e\000l\000\050\000\051}{subsection.7.1.3}% 44
\BOOKMARK [1][-]{section.7.2}{\376\377\0007\000.\0002\000\040\000s\0002\0001\000:\000:\000E\000d\000g\000e\000\040\000C\000l\000a\000s\000s\000\040\000R\000e\000f\000e\000r\000e\000n\000c\000e}{chapter.7}% 45
\BOOKMARK [2][-]{subsection.7.2.1}{\376\377\0007\000.\0002\000.\0001\000\040\000D\000e\000t\000a\000i\000l\000e\000d\000\040\000D\000e\000s\000c\000r\000i\000p\000t\000i\000o\000n}{section.7.2}% 46
\BOOKMARK [2][-]{subsection.7.2.2}{\376\377\0007\000.\0002\000.\0002\000\040\000C\000o\000n\000s\000t\000r\000u\000c\000t\000o\000r\000\040\000\046\000\040\000D\000e\000s\000t\000r\000u\000c\000t\000o\000r\000\040\000D\000o\000c\000u\000m\000e\000n\000t\000a\000t\000i\000o\000n}{section.7.2}% 47
\BOOKMARK [3][-]{subsubsection.7.2.2.1}{\376\377\0007\000.\0002\000.\0002\000.\0001\000\040\000E\000d\000g\000e\000\050\000\051}{subsection.7.2.2}% 48
\BOOKMARK [3][-]{subsubsection.7.2.2.2}{\376\377\0007\000.\0002\000.\0002\000.\0002\000\040\000\040\000E\000d\000g\000e\000\050\000\051}{subsection.7.2.2}% 49
\BOOKMARK [2][-]{subsection.7.2.3}{\376\377\0007\000.\0002\000.\0003\000\040\000M\000e\000m\000b\000e\000r\000\040\000F\000u\000n\000c\000t\000i\000o\000n\000\040\000D\000o\000c\000u\000m\000e\000n\000t\000a\000t\000i\000o\000n}{section.7.2}% 50
\BOOKMARK [3][-]{subsubsection.7.2.3.1}{\376\377\0007\000.\0002\000.\0003\000.\0001\000\040\000g\000e\000t\000\137\000b\000e\000g\000i\000n\000\050\000\051}{subsection.7.2.3}% 51
\BOOKMARK [3][-]{subsubsection.7.2.3.2}{\376\377\0007\000.\0002\000.\0003\000.\0002\000\040\000g\000e\000t\000\137\000e\000n\000d\000\050\000\051}{subsection.7.2.3}% 52
\BOOKMARK [3][-]{subsubsection.7.2.3.3}{\376\377\0007\000.\0002\000.\0003\000.\0003\000\040\000o\000p\000e\000r\000a\000t\000o\000r\000=\000\050\000\051}{subsection.7.2.3}% 53
\BOOKMARK [3][-]{subsubsection.7.2.3.4}{\376\377\0007\000.\0002\000.\0003\000.\0004\000\040\000o\000p\000e\000r\000a\000t\000o\000r\000=\000=\000\050\000\051}{subsection.7.2.3}% 54
\BOOKMARK [1][-]{section.7.3}{\376\377\0007\000.\0003\000\040\000s\0002\0001\000:\000:\000F\000a\000c\000a\000d\000e\000\040\000C\000l\000a\000s\000s\000\040\000R\000e\000f\000e\000r\000e\000n\000c\000e}{chapter.7}% 55
\BOOKMARK [2][-]{subsection.7.3.1}{\376\377\0007\000.\0003\000.\0001\000\040\000D\000e\000t\000a\000i\000l\000e\000d\000\040\000D\000e\000s\000c\000r\000i\000p\000t\000i\000o\000n}{section.7.3}% 56
\BOOKMARK [2][-]{subsection.7.3.2}{\376\377\0007\000.\0003\000.\0002\000\040\000C\000o\000n\000s\000t\000r\000u\000c\000t\000o\000r\000\040\000\046\000\040\000D\000e\000s\000t\000r\000u\000c\000t\000o\000r\000\040\000D\000o\000c\000u\000m\000e\000n\000t\000a\000t\000i\000o\000n}{section.7.3}% 57
\BOOKMARK [3][-]{subsubsection.7.3.2.1}{\376\377\0007\000.\0003\000.\0002\000.\0001\000\040\000F\000a\000c\000a\000d\000e\000\050\000\051\000\040\000[\0001\000/\0002\000]}{subsection.7.3.2}% 58
\BOOKMARK [3][-]{subsubsection.7.3.2.2}{\376\377\0007\000.\0003\000.\0002\000.\0002\000\040\000F\000a\000c\000a\000d\000e\000\050\000\051\000\040\000[\0002\000/\0002\000]}{subsection.7.3.2}% 59
\BOOKMARK [3][-]{subsubsection.7.3.2.3}{\376\377\0007\000.\0003\000.\0002\000.\0003\000\040\000\040\000F\000a\000c\000a\000d\000e\000\050\000\051}{subsection.7.3.2}% 60
\BOOKMARK [2][-]{subsection.7.3.3}{\376\377\0007\000.\0003\000.\0003\000\040\000M\000e\000m\000b\000e\000r\000\040\000F\000u\000n\000c\000t\000i\000o\000n\000\040\000D\000o\000c\000u\000m\000e\000n\000t\000a\000t\000i\000o\000n}{section.7.3}% 61
\BOOKMARK [3][-]{subsubsection.7.3.3.1}{\376\377\0007\000.\0003\000.\0003\000.\0001\000\040\000g\000e\000t\000\137\000a\000l\000l\000\137\000e\000d\000g\000e\000s\000\137\000c\000o\000u\000n\000t\000\050\000\051}{subsection.7.3.3}% 62
\BOOKMARK [3][-]{subsubsection.7.3.3.2}{\376\377\0007\000.\0003\000.\0003\000.\0002\000\040\000g\000e\000t\000\137\000f\000i\000g\000u\000r\000e\000\050\000\051}{subsection.7.3.3}% 63
\BOOKMARK [3][-]{subsubsection.7.3.3.3}{\376\377\0007\000.\0003\000.\0003\000.\0003\000\040\000g\000e\000t\000\137\000u\000n\000i\000q\000u\000e\000\137\000e\000d\000g\000e\000s\000\137\000c\000o\000u\000n\000t\000\050\000\051}{subsection.7.3.3}% 64
\BOOKMARK [3][-]{subsubsection.7.3.3.4}{\376\377\0007\000.\0003\000.\0003\000.\0004\000\040\000g\000e\000t\000\137\000v\000e\000r\000t\000i\000c\000e\000s\000\137\000c\000o\000u\000n\000t\000\050\000\051}{subsection.7.3.3}% 65
\BOOKMARK [3][-]{subsubsection.7.3.3.5}{\376\377\0007\000.\0003\000.\0003\000.\0005\000\040\000l\000o\000a\000d\000\137\000f\000i\000g\000u\000r\000e\000\050\000\051}{subsection.7.3.3}% 66
\BOOKMARK [3][-]{subsubsection.7.3.3.6}{\376\377\0007\000.\0003\000.\0003\000.\0006\000\040\000m\000o\000v\000e\000\137\000f\000i\000g\000u\000r\000e\000\050\000\051}{subsection.7.3.3}% 67
\BOOKMARK [3][-]{subsubsection.7.3.3.7}{\376\377\0007\000.\0003\000.\0003\000.\0007\000\040\000r\000e\000s\000e\000t\000\137\000f\000i\000g\000u\000r\000e\000\050\000\051}{subsection.7.3.3}% 68
\BOOKMARK [3][-]{subsubsection.7.3.3.8}{\376\377\0007\000.\0003\000.\0003\000.\0008\000\040\000r\000e\000s\000e\000t\000\137\000f\000i\000g\000u\000r\000e\000\137\000p\000o\000s\000\050\000\051}{subsection.7.3.3}% 69
\BOOKMARK [3][-]{subsubsection.7.3.3.9}{\376\377\0007\000.\0003\000.\0003\000.\0009\000\040\000r\000o\000t\000a\000t\000e\000\137\000f\000i\000g\000u\000r\000e\000\050\000\051}{subsection.7.3.3}% 70
\BOOKMARK [3][-]{subsubsection.7.3.3.10}{\376\377\0007\000.\0003\000.\0003\000.\0001\0000\000\040\000s\000c\000a\000l\000e\000\137\000f\000i\000g\000u\000r\000e\000\050\000\051}{subsection.7.3.3}% 71
\BOOKMARK [1][-]{section.7.4}{\376\377\0007\000.\0004\000\040\000s\0002\0001\000:\000:\000F\000a\000c\000a\000d\000e\000O\000p\000e\000r\000a\000t\000i\000o\000n\000R\000e\000s\000u\000l\000t\000\040\000C\000l\000a\000s\000s\000\040\000R\000e\000f\000e\000r\000e\000n\000c\000e}{chapter.7}% 72
\BOOKMARK [2][-]{subsection.7.4.1}{\376\377\0007\000.\0004\000.\0001\000\040\000D\000e\000t\000a\000i\000l\000e\000d\000\040\000D\000e\000s\000c\000r\000i\000p\000t\000i\000o\000n}{section.7.4}% 73
\BOOKMARK [2][-]{subsection.7.4.2}{\376\377\0007\000.\0004\000.\0002\000\040\000C\000o\000n\000s\000t\000r\000u\000c\000t\000o\000r\000\040\000\046\000\040\000D\000e\000s\000t\000r\000u\000c\000t\000o\000r\000\040\000D\000o\000c\000u\000m\000e\000n\000t\000a\000t\000i\000o\000n}{section.7.4}% 74
\BOOKMARK [3][-]{subsubsection.7.4.2.1}{\376\377\0007\000.\0004\000.\0002\000.\0001\000\040\000F\000a\000c\000a\000d\000e\000O\000p\000e\000r\000a\000t\000i\000o\000n\000R\000e\000s\000u\000l\000t\000\050\000\051}{subsection.7.4.2}% 75
\BOOKMARK [3][-]{subsubsection.7.4.2.2}{\376\377\0007\000.\0004\000.\0002\000.\0002\000\040\000\040\000F\000a\000c\000a\000d\000e\000O\000p\000e\000r\000a\000t\000i\000o\000n\000R\000e\000s\000u\000l\000t\000\050\000\051}{subsection.7.4.2}% 76
\BOOKMARK [2][-]{subsection.7.4.3}{\376\377\0007\000.\0004\000.\0003\000\040\000M\000e\000m\000b\000e\000r\000\040\000F\000u\000n\000c\000t\000i\000o\000n\000\040\000D\000o\000c\000u\000m\000e\000n\000t\000a\000t\000i\000o\000n}{section.7.4}% 77
\BOOKMARK [3][-]{subsubsection.7.4.3.1}{\376\377\0007\000.\0004\000.\0003\000.\0001\000\040\000G\000e\000t\000E\000r\000r\000o\000r\000M\000e\000s\000s\000a\000g\000e\000\050\000\051}{subsection.7.4.3}% 78
\BOOKMARK [3][-]{subsubsection.7.4.3.2}{\376\377\0007\000.\0004\000.\0003\000.\0002\000\040\000I\000s\000S\000u\000c\000c\000e\000s\000s\000\050\000\051}{subsection.7.4.3}% 79
\BOOKMARK [3][-]{subsubsection.7.4.3.3}{\376\377\0007\000.\0004\000.\0003\000.\0003\000\040\000S\000e\000t\000E\000r\000r\000o\000r\000M\000e\000s\000s\000a\000g\000e\000\050\000\051}{subsection.7.4.3}% 80
\BOOKMARK [3][-]{subsubsection.7.4.3.4}{\376\377\0007\000.\0004\000.\0003\000.\0004\000\040\000S\000e\000t\000S\000u\000c\000c\000e\000s\000s\000\050\000\051}{subsection.7.4.3}% 81
\BOOKMARK [1][-]{section.7.5}{\376\377\0007\000.\0005\000\040\000s\0002\0001\000:\000:\000F\000a\000c\000e\000\040\000C\000l\000a\000s\000s\000\040\000R\000e\000f\000e\000r\000e\000n\000c\000e}{chapter.7}% 82
\BOOKMARK [2][-]{subsection.7.5.1}{\376\377\0007\000.\0005\000.\0001\000\040\000D\000e\000t\000a\000i\000l\000e\000d\000\040\000D\000e\000s\000c\000r\000i\000p\000t\000i\000o\000n}{section.7.5}% 83
\BOOKMARK [2][-]{subsection.7.5.2}{\376\377\0007\000.\0005\000.\0002\000\040\000C\000o\000n\000s\000t\000r\000u\000c\000t\000o\000r\000\040\000\046\000\040\000D\000e\000s\000t\000r\000u\000c\000t\000o\000r\000\040\000D\000o\000c\000u\000m\000e\000n\000t\000a\000t\000i\000o\000n}{section.7.5}% 84
\BOOKMARK [3][-]{subsubsection.7.5.2.1}{\376\377\0007\000.\0005\000.\0002\000.\0001\000\040\000F\000a\000c\000e\000\050\000\051\000\040\000[\0001\000/\0002\000]}{subsection.7.5.2}% 85
\BOOKMARK [3][-]{subsubsection.7.5.2.2}{\376\377\0007\000.\0005\000.\0002\000.\0002\000\040\000F\000a\000c\000e\000\050\000\051\000\040\000[\0002\000/\0002\000]}{subsection.7.5.2}% 86
\BOOKMARK [3][-]{subsubsection.7.5.2.3}{\376\377\0007\000.\0005\000.\0002\000.\0003\000\040\000\040\000F\000a\000c\000e\000\050\000\051}{subsection.7.5.2}% 87
\BOOKMARK [2][-]{subsection.7.5.3}{\376\377\0007\000.\0005\000.\0003\000\040\000M\000e\000m\000b\000e\000r\000\040\000F\000u\000n\000c\000t\000i\000o\000n\000\040\000D\000o\000c\000u\000m\000e\000n\000t\000a\000t\000i\000o\000n}{section.7.5}% 88
\BOOKMARK [3][-]{subsubsection.7.5.3.1}{\376\377\0007\000.\0005\000.\0003\000.\0001\000\040\000g\000e\000t\000\137\000f\000a\000c\000e\000\050\000\051}{subsection.7.5.3}% 89
\BOOKMARK [3][-]{subsubsection.7.5.3.2}{\376\377\0007\000.\0005\000.\0003\000.\0002\000\040\000o\000p\000e\000r\000a\000t\000o\000r\000=\000=\000\050\000\051}{subsection.7.5.3}% 90
\BOOKMARK [1][-]{section.7.6}{\376\377\0007\000.\0006\000\040\000s\0002\0001\000:\000:\000F\000i\000g\000u\000r\000e\000\040\000C\000l\000a\000s\000s\000\040\000R\000e\000f\000e\000r\000e\000n\000c\000e}{chapter.7}% 91
\BOOKMARK [2][-]{subsection.7.6.1}{\376\377\0007\000.\0006\000.\0001\000\040\000D\000e\000t\000a\000i\000l\000e\000d\000\040\000D\000e\000s\000c\000r\000i\000p\000t\000i\000o\000n}{section.7.6}% 92
\BOOKMARK [2][-]{subsection.7.6.2}{\376\377\0007\000.\0006\000.\0002\000\040\000C\000o\000n\000s\000t\000r\000u\000c\000t\000o\000r\000\040\000\046\000\040\000D\000e\000s\000t\000r\000u\000c\000t\000o\000r\000\040\000D\000o\000c\000u\000m\000e\000n\000t\000a\000t\000i\000o\000n}{section.7.6}% 93
\BOOKMARK [3][-]{subsubsection.7.6.2.1}{\376\377\0007\000.\0006\000.\0002\000.\0001\000\040\000F\000i\000g\000u\000r\000e\000\050\000\051}{subsection.7.6.2}% 94
\BOOKMARK [3][-]{subsubsection.7.6.2.2}{\376\377\0007\000.\0006\000.\0002\000.\0002\000\040\000\040\000F\000i\000g\000u\000r\000e\000\050\000\051}{subsection.7.6.2}% 95
\BOOKMARK [2][-]{subsection.7.6.3}{\376\377\0007\000.\0006\000.\0003\000\040\000M\000e\000m\000b\000e\000r\000\040\000F\000u\000n\000c\000t\000i\000o\000n\000\040\000D\000o\000c\000u\000m\000e\000n\000t\000a\000t\000i\000o\000n}{section.7.6}% 96
\BOOKMARK [3][-]{subsubsection.7.6.3.1}{\376\377\0007\000.\0006\000.\0003\000.\0001\000\040\000g\000e\000t\000\137\000a\000l\000l\000\137\000e\000d\000g\000e\000s\000\137\000c\000o\000u\000n\000t\000\050\000\051}{subsection.7.6.3}% 97
\BOOKMARK [3][-]{subsubsection.7.6.3.2}{\376\377\0007\000.\0006\000.\0003\000.\0002\000\040\000g\000e\000t\000\137\000d\000e\000f\000a\000u\000l\000t\000\137\000c\000o\000o\000r\000d\000s\000\050\000\051}{subsection.7.6.3}% 98
\BOOKMARK [3][-]{subsubsection.7.6.3.3}{\376\377\0007\000.\0006\000.\0003\000.\0003\000\040\000g\000e\000t\000\137\000e\000d\000g\000e\000s\000\050\000\051}{subsection.7.6.3}% 99
\BOOKMARK [3][-]{subsubsection.7.6.3.4}{\376\377\0007\000.\0006\000.\0003\000.\0004\000\040\000g\000e\000t\000\137\000f\000a\000c\000e\000s\000\050\000\051}{subsection.7.6.3}% 100
\BOOKMARK [3][-]{subsubsection.7.6.3.5}{\376\377\0007\000.\0006\000.\0003\000.\0005\000\040\000g\000e\000t\000\137\000n\000a\000m\000e\000\050\000\051}{subsection.7.6.3}% 101
\BOOKMARK [3][-]{subsubsection.7.6.3.6}{\376\377\0007\000.\0006\000.\0003\000.\0006\000\040\000g\000e\000t\000\137\000v\000e\000r\000t\000i\000c\000e\000s\000\050\000\051}{subsection.7.6.3}% 102
\BOOKMARK [3][-]{subsubsection.7.6.3.7}{\376\377\0007\000.\0006\000.\0003\000.\0007\000\040\000m\000a\000k\000e\000\137\000e\000d\000g\000e\000s\000\050\000\051}{subsection.7.6.3}% 103
\BOOKMARK [3][-]{subsubsection.7.6.3.8}{\376\377\0007\000.\0006\000.\0003\000.\0008\000\040\000s\000a\000v\000e\000\137\000d\000e\000f\000a\000u\000l\000t\000\137\000c\000o\000o\000r\000d\000s\000\050\000\051}{subsection.7.6.3}% 104
\BOOKMARK [3][-]{subsubsection.7.6.3.9}{\376\377\0007\000.\0006\000.\0003\000.\0009\000\040\000s\000e\000t\000\137\000n\000a\000m\000e\000\050\000\051}{subsection.7.6.3}% 105
\BOOKMARK [3][-]{subsubsection.7.6.3.10}{\376\377\0007\000.\0006\000.\0003\000.\0001\0000\000\040\000t\000r\000a\000n\000s\000f\000o\000r\000m\000\050\000\051}{subsection.7.6.3}% 106
\BOOKMARK [2][-]{subsection.7.6.4}{\376\377\0007\000.\0006\000.\0004\000\040\000F\000r\000i\000e\000n\000d\000s\000\040\000A\000n\000d\000\040\000R\000e\000l\000a\000t\000e\000d\000\040\000F\000u\000n\000c\000t\000i\000o\000n\000\040\000D\000o\000c\000u\000m\000e\000n\000t\000a\000t\000i\000o\000n}{section.7.6}% 107
\BOOKMARK [3][-]{subsubsection.7.6.4.1}{\376\377\0007\000.\0006\000.\0004\000.\0001\000\040\000F\000a\000c\000a\000d\000e}{subsection.7.6.4}% 108
\BOOKMARK [3][-]{subsubsection.7.6.4.2}{\376\377\0007\000.\0006\000.\0004\000.\0002\000\040\000F\000i\000l\000e\000R\000e\000a\000d\000e\000r}{subsection.7.6.4}% 109
\BOOKMARK [1][-]{section.7.7}{\376\377\0007\000.\0007\000\040\000s\0002\0001\000:\000:\000F\000i\000g\000u\000r\000e\000B\000u\000i\000l\000d\000e\000r\000\040\000C\000l\000a\000s\000s\000\040\000R\000e\000f\000e\000r\000e\000n\000c\000e}{chapter.7}% 110
\BOOKMARK [2][-]{subsection.7.7.1}{\376\377\0007\000.\0007\000.\0001\000\040\000D\000e\000t\000a\000i\000l\000e\000d\000\040\000D\000e\000s\000c\000r\000i\000p\000t\000i\000o\000n}{section.7.7}% 111
\BOOKMARK [2][-]{subsection.7.7.2}{\376\377\0007\000.\0007\000.\0002\000\040\000M\000e\000m\000b\000e\000r\000\040\000F\000u\000n\000c\000t\000i\000o\000n\000\040\000D\000o\000c\000u\000m\000e\000n\000t\000a\000t\000i\000o\000n}{section.7.7}% 112
\BOOKMARK [3][-]{subsubsection.7.7.2.1}{\376\377\0007\000.\0007\000.\0002\000.\0001\000\040\000g\000e\000t\000\137\000r\000e\000s\000u\000l\000t\000\050\000\051}{subsection.7.7.2}% 113
\BOOKMARK [3][-]{subsubsection.7.7.2.2}{\376\377\0007\000.\0007\000.\0002\000.\0002\000\040\000r\000e\000s\000e\000t\000\050\000\051}{subsection.7.7.2}% 114
\BOOKMARK [3][-]{subsubsection.7.7.2.3}{\376\377\0007\000.\0007\000.\0002\000.\0003\000\040\000s\000e\000t\000\137\000n\000o\000r\000m\000a\000l\000i\000z\000a\000t\000i\000o\000n\000\137\000p\000a\000r\000a\000m\000e\000t\000e\000r\000s\000\050\000\051}{subsection.7.7.2}% 115
\BOOKMARK [1][-]{section.7.8}{\376\377\0007\000.\0008\000\040\000s\0002\0001\000:\000:\000F\000i\000l\000e\000R\000e\000a\000d\000e\000r\000\040\000C\000l\000a\000s\000s\000\040\000R\000e\000f\000e\000r\000e\000n\000c\000e}{chapter.7}% 116
\BOOKMARK [2][-]{subsection.7.8.1}{\376\377\0007\000.\0008\000.\0001\000\040\000D\000e\000t\000a\000i\000l\000e\000d\000\040\000D\000e\000s\000c\000r\000i\000p\000t\000i\000o\000n}{section.7.8}% 117
\BOOKMARK [2][-]{subsection.7.8.2}{\376\377\0007\000.\0008\000.\0002\000\040\000C\000o\000n\000s\000t\000r\000u\000c\000t\000o\000r\000\040\000\046\000\040\000D\000e\000s\000t\000r\000u\000c\000t\000o\000r\000\040\000D\000o\000c\000u\000m\000e\000n\000t\000a\000t\000i\000o\000n}{section.7.8}% 118
\BOOKMARK [3][-]{subsubsection.7.8.2.1}{\376\377\0007\000.\0008\000.\0002\000.\0001\000\040\000F\000i\000l\000e\000R\000e\000a\000d\000e\000r\000\050\000\051}{subsection.7.8.2}% 119
\BOOKMARK [3][-]{subsubsection.7.8.2.2}{\376\377\0007\000.\0008\000.\0002\000.\0002\000\040\000\040\000F\000i\000l\000e\000R\000e\000a\000d\000e\000r\000\050\000\051}{subsection.7.8.2}% 120
\BOOKMARK [2][-]{subsection.7.8.3}{\376\377\0007\000.\0008\000.\0003\000\040\000M\000e\000m\000b\000e\000r\000\040\000F\000u\000n\000c\000t\000i\000o\000n\000\040\000D\000o\000c\000u\000m\000e\000n\000t\000a\000t\000i\000o\000n}{section.7.8}% 121
\BOOKMARK [3][-]{subsubsection.7.8.3.1}{\376\377\0007\000.\0008\000.\0003\000.\0001\000\040\000c\000l\000o\000s\000e\000\137\000f\000i\000l\000e\000\050\000\051}{subsection.7.8.3}% 122
\BOOKMARK [3][-]{subsubsection.7.8.3.2}{\376\377\0007\000.\0008\000.\0003\000.\0002\000\040\000g\000e\000t\000\137\000d\000a\000t\000a\000\137\000f\000i\000g\000u\000r\000e\000\050\000\051}{subsection.7.8.3}% 123
\BOOKMARK [3][-]{subsubsection.7.8.3.3}{\376\377\0007\000.\0008\000.\0003\000.\0003\000\040\000g\000e\000t\000\137\000f\000a\000c\000e\000s\000\050\000\051}{subsection.7.8.3}% 124
\BOOKMARK [3][-]{subsubsection.7.8.3.4}{\376\377\0007\000.\0008\000.\0003\000.\0004\000\040\000g\000e\000t\000\137\000n\000a\000m\000e\000\050\000\051}{subsection.7.8.3}% 125
\BOOKMARK [3][-]{subsubsection.7.8.3.5}{\376\377\0007\000.\0008\000.\0003\000.\0005\000\040\000g\000e\000t\000\137\000v\000e\000r\000t\000i\000c\000e\000s\000\050\000\051}{subsection.7.8.3}% 126
\BOOKMARK [3][-]{subsubsection.7.8.3.6}{\376\377\0007\000.\0008\000.\0003\000.\0006\000\040\000n\000o\000r\000m\000a\000l\000i\000z\000e\000\137\000f\000i\000g\000u\000r\000e\000\050\000\051}{subsection.7.8.3}% 127
\BOOKMARK [3][-]{subsubsection.7.8.3.7}{\376\377\0007\000.\0008\000.\0003\000.\0007\000\040\000n\000o\000r\000m\000a\000l\000i\000z\000e\000\137\000v\000e\000r\000t\000e\000x\000\050\000\051}{subsection.7.8.3}% 128
\BOOKMARK [3][-]{subsubsection.7.8.3.8}{\376\377\0007\000.\0008\000.\0003\000.\0008\000\040\000o\000p\000e\000n\000\137\000f\000i\000l\000e\000\050\000\051}{subsection.7.8.3}% 129
\BOOKMARK [3][-]{subsubsection.7.8.3.9}{\376\377\0007\000.\0008\000.\0003\000.\0009\000\040\000p\000r\000o\000c\000e\000s\000s\000\137\000l\000i\000n\000e\000\050\000\051}{subsection.7.8.3}% 130
\BOOKMARK [3][-]{subsubsection.7.8.3.10}{\376\377\0007\000.\0008\000.\0003\000.\0001\0000\000\040\000r\000e\000a\000d\000\137\000f\000i\000g\000u\000r\000e\000\050\000\051}{subsection.7.8.3}% 131
\BOOKMARK [3][-]{subsubsection.7.8.3.11}{\376\377\0007\000.\0008\000.\0003\000.\0001\0001\000\040\000r\000e\000a\000d\000\137\000s\000u\000c\000c\000e\000s\000s\000f\000u\000l\000l\000\050\000\051}{subsection.7.8.3}% 132
\BOOKMARK [3][-]{subsubsection.7.8.3.12}{\376\377\0007\000.\0008\000.\0003\000.\0001\0002\000\040\000s\000e\000t\000\137\000f\000i\000l\000e\000\050\000\051}{subsection.7.8.3}% 133
\BOOKMARK [3][-]{subsubsection.7.8.3.13}{\376\377\0007\000.\0008\000.\0003\000.\0001\0003\000\040\000s\000e\000t\000\137\000m\000i\000n\000\137\000m\000a\000x\000\137\000f\000o\000r\000\137\000n\000o\000r\000m\000a\000l\000i\000z\000a\000t\000i\000o\000n\000\050\000\051}{subsection.7.8.3}% 134
\BOOKMARK [1][-]{section.7.9}{\376\377\0007\000.\0009\000\040\000s\0002\0001\000:\000:\000F\000i\000l\000e\000R\000e\000a\000d\000e\000r\000B\000u\000i\000l\000d\000e\000r\000\040\000C\000l\000a\000s\000s\000\040\000R\000e\000f\000e\000r\000e\000n\000c\000e}{chapter.7}% 135
\BOOKMARK [2][-]{subsection.7.9.1}{\376\377\0007\000.\0009\000.\0001\000\040\000D\000e\000t\000a\000i\000l\000e\000d\000\040\000D\000e\000s\000c\000r\000i\000p\000t\000i\000o\000n}{section.7.9}% 136
\BOOKMARK [2][-]{subsection.7.9.2}{\376\377\0007\000.\0009\000.\0002\000\040\000C\000o\000n\000s\000t\000r\000u\000c\000t\000o\000r\000\040\000\046\000\040\000D\000e\000s\000t\000r\000u\000c\000t\000o\000r\000\040\000D\000o\000c\000u\000m\000e\000n\000t\000a\000t\000i\000o\000n}{section.7.9}% 137
\BOOKMARK [3][-]{subsubsection.7.9.2.1}{\376\377\0007\000.\0009\000.\0002\000.\0001\000\040\000\040\000F\000i\000l\000e\000R\000e\000a\000d\000e\000r\000B\000u\000i\000l\000d\000e\000r\000\050\000\051}{subsection.7.9.2}% 138
\BOOKMARK [2][-]{subsection.7.9.3}{\376\377\0007\000.\0009\000.\0003\000\040\000M\000e\000m\000b\000e\000r\000\040\000F\000u\000n\000c\000t\000i\000o\000n\000\040\000D\000o\000c\000u\000m\000e\000n\000t\000a\000t\000i\000o\000n}{section.7.9}% 139
\BOOKMARK [3][-]{subsubsection.7.9.3.1}{\376\377\0007\000.\0009\000.\0003\000.\0001\000\040\000r\000e\000s\000e\000t\000\050\000\051}{subsection.7.9.3}% 140
\BOOKMARK [3][-]{subsubsection.7.9.3.2}{\376\377\0007\000.\0009\000.\0003\000.\0002\000\040\000s\000e\000t\000\137\000n\000o\000r\000m\000a\000l\000i\000z\000a\000t\000i\000o\000n\000\137\000p\000a\000r\000a\000m\000e\000t\000e\000r\000s\000\050\000\051}{subsection.7.9.3}% 141
\BOOKMARK [1][-]{section.7.10}{\376\377\0007\000.\0001\0000\000\040\000s\0002\0001\000:\000:\000F\000i\000l\000e\000R\000e\000a\000d\000e\000r\000D\000i\000r\000e\000c\000t\000o\000r\000\040\000C\000l\000a\000s\000s\000\040\000R\000e\000f\000e\000r\000e\000n\000c\000e}{chapter.7}% 142
\BOOKMARK [2][-]{subsection.7.10.1}{\376\377\0007\000.\0001\0000\000.\0001\000\040\000D\000e\000t\000a\000i\000l\000e\000d\000\040\000D\000e\000s\000c\000r\000i\000p\000t\000i\000o\000n}{section.7.10}% 143
\BOOKMARK [2][-]{subsection.7.10.2}{\376\377\0007\000.\0001\0000\000.\0002\000\040\000M\000e\000m\000b\000e\000r\000\040\000F\000u\000n\000c\000t\000i\000o\000n\000\040\000D\000o\000c\000u\000m\000e\000n\000t\000a\000t\000i\000o\000n}{section.7.10}% 144
\BOOKMARK [3][-]{subsubsection.7.10.2.1}{\376\377\0007\000.\0001\0000\000.\0002\000.\0001\000\040\000c\000o\000n\000s\000t\000r\000u\000c\000t\000\137\000f\000i\000g\000u\000r\000e\000\050\000\051}{subsection.7.10.2}% 145
\BOOKMARK [1][-]{section.7.11}{\376\377\0007\000.\0001\0001\000\040\000s\0002\0001\000:\000:\000M\000a\000i\000n\000W\000i\000n\000d\000o\000w\000\040\000C\000l\000a\000s\000s\000\040\000R\000e\000f\000e\000r\000e\000n\000c\000e}{chapter.7}% 146
\BOOKMARK [2][-]{subsection.7.11.1}{\376\377\0007\000.\0001\0001\000.\0001\000\040\000C\000o\000n\000s\000t\000r\000u\000c\000t\000o\000r\000\040\000\046\000\040\000D\000e\000s\000t\000r\000u\000c\000t\000o\000r\000\040\000D\000o\000c\000u\000m\000e\000n\000t\000a\000t\000i\000o\000n}{section.7.11}% 147
\BOOKMARK [3][-]{subsubsection.7.11.1.1}{\376\377\0007\000.\0001\0001\000.\0001\000.\0001\000\040\000M\000a\000i\000n\000W\000i\000n\000d\000o\000w\000\050\000\051}{subsection.7.11.1}% 148
\BOOKMARK [3][-]{subsubsection.7.11.1.2}{\376\377\0007\000.\0001\0001\000.\0001\000.\0002\000\040\000\040\000M\000a\000i\000n\000W\000i\000n\000d\000o\000w\000\050\000\051}{subsection.7.11.1}% 149
\BOOKMARK [1][-]{section.7.12}{\376\377\0007\000.\0001\0002\000\040\000s\0002\0001\000:\000:\000N\000o\000r\000m\000a\000l\000i\000z\000a\000t\000i\000o\000n\000P\000a\000r\000a\000m\000e\000t\000e\000r\000s\000\040\000C\000l\000a\000s\000s\000\040\000R\000e\000f\000e\000r\000e\000n\000c\000e}{chapter.7}% 150
\BOOKMARK [2][-]{subsection.7.12.1}{\376\377\0007\000.\0001\0002\000.\0001\000\040\000D\000e\000t\000a\000i\000l\000e\000d\000\040\000D\000e\000s\000c\000r\000i\000p\000t\000i\000o\000n}{section.7.12}% 151
\BOOKMARK [2][-]{subsection.7.12.2}{\376\377\0007\000.\0001\0002\000.\0002\000\040\000C\000o\000n\000s\000t\000r\000u\000c\000t\000o\000r\000\040\000\046\000\040\000D\000e\000s\000t\000r\000u\000c\000t\000o\000r\000\040\000D\000o\000c\000u\000m\000e\000n\000t\000a\000t\000i\000o\000n}{section.7.12}% 152
\BOOKMARK [3][-]{subsubsection.7.12.2.1}{\376\377\0007\000.\0001\0002\000.\0002\000.\0001\000\040\000\040\000N\000o\000r\000m\000a\000l\000i\000z\000a\000t\000i\000o\000n\000P\000a\000r\000a\000m\000e\000t\000e\000r\000s\000\050\000\051}{subsection.7.12.2}% 153
\BOOKMARK [3][-]{subsubsection.7.12.2.2}{\376\377\0007\000.\0001\0002\000.\0002\000.\0002\000\040\000N\000o\000r\000m\000a\000l\000i\000z\000a\000t\000i\000o\000n\000P\000a\000r\000a\000m\000e\000t\000e\000r\000s\000\050\000\051\000\040\000[\0001\000/\0002\000]}{subsection.7.12.2}% 154
\BOOKMARK [3][-]{subsubsection.7.12.2.3}{\376\377\0007\000.\0001\0002\000.\0002\000.\0003\000\040\000N\000o\000r\000m\000a\000l\000i\000z\000a\000t\000i\000o\000n\000P\000a\000r\000a\000m\000e\000t\000e\000r\000s\000\050\000\051\000\040\000[\0002\000/\0002\000]}{subsection.7.12.2}% 155
\BOOKMARK [2][-]{subsection.7.12.3}{\376\377\0007\000.\0001\0002\000.\0003\000\040\000M\000e\000m\000b\000e\000r\000\040\000F\000u\000n\000c\000t\000i\000o\000n\000\040\000D\000o\000c\000u\000m\000e\000n\000t\000a\000t\000i\000o\000n}{section.7.12}% 156
\BOOKMARK [3][-]{subsubsection.7.12.3.1}{\376\377\0007\000.\0001\0002\000.\0003\000.\0001\000\040\000i\000n\000s\000t\000a\000n\000c\000e\000\050\000\051}{subsection.7.12.3}% 157
\BOOKMARK [3][-]{subsubsection.7.12.3.2}{\376\377\0007\000.\0001\0002\000.\0003\000.\0002\000\040\000o\000p\000e\000r\000a\000t\000o\000r\000=\000\050\000\051}{subsection.7.12.3}% 158
\BOOKMARK [3][-]{subsubsection.7.12.3.3}{\376\377\0007\000.\0001\0002\000.\0003\000.\0003\000\040\000r\000e\000s\000e\000t\000\137\000n\000o\000r\000m\000a\000l\000i\000z\000a\000t\000i\000o\000n\000\137\000p\000a\000r\000a\000m\000e\000t\000e\000r\000s\000\050\000\051}{subsection.7.12.3}% 159
\BOOKMARK [2][-]{subsection.7.12.4}{\376\377\0007\000.\0001\0002\000.\0004\000\040\000M\000e\000m\000b\000e\000r\000\040\000D\000a\000t\000a\000\040\000D\000o\000c\000u\000m\000e\000n\000t\000a\000t\000i\000o\000n}{section.7.12}% 160
\BOOKMARK [3][-]{subsubsection.7.12.4.1}{\376\377\0007\000.\0001\0002\000.\0004\000.\0001\000\040\000d\000x\000\137\000s\000t\000e\000p}{subsection.7.12.4}% 161
\BOOKMARK [3][-]{subsubsection.7.12.4.2}{\376\377\0007\000.\0001\0002\000.\0004\000.\0002\000\040\000d\000y\000\137\000s\000t\000e\000p}{subsection.7.12.4}% 162
\BOOKMARK [3][-]{subsubsection.7.12.4.3}{\376\377\0007\000.\0001\0002\000.\0004\000.\0003\000\040\000d\000z\000\137\000s\000t\000e\000p}{subsection.7.12.4}% 163
\BOOKMARK [3][-]{subsubsection.7.12.4.4}{\376\377\0007\000.\0001\0002\000.\0004\000.\0004\000\040\000m\000a\000x\000\137\000r\000a\000n\000g\000e}{subsection.7.12.4}% 164
\BOOKMARK [3][-]{subsubsection.7.12.4.5}{\376\377\0007\000.\0001\0002\000.\0004\000.\0005\000\040\000x\000\137\000m\000a\000x}{subsection.7.12.4}% 165
\BOOKMARK [3][-]{subsubsection.7.12.4.6}{\376\377\0007\000.\0001\0002\000.\0004\000.\0006\000\040\000x\000\137\000m\000i\000n}{subsection.7.12.4}% 166
\BOOKMARK [3][-]{subsubsection.7.12.4.7}{\376\377\0007\000.\0001\0002\000.\0004\000.\0007\000\040\000y\000\137\000m\000a\000x}{subsection.7.12.4}% 167
\BOOKMARK [3][-]{subsubsection.7.12.4.8}{\376\377\0007\000.\0001\0002\000.\0004\000.\0008\000\040\000y\000\137\000m\000i\000n}{subsection.7.12.4}% 168
\BOOKMARK [3][-]{subsubsection.7.12.4.9}{\376\377\0007\000.\0001\0002\000.\0004\000.\0009\000\040\000z\000\137\000m\000a\000x}{subsection.7.12.4}% 169
\BOOKMARK [3][-]{subsubsection.7.12.4.10}{\376\377\0007\000.\0001\0002\000.\0004\000.\0001\0000\000\040\000z\000\137\000m\000i\000n}{subsection.7.12.4}% 170
\BOOKMARK [1][-]{section.7.13}{\376\377\0007\000.\0001\0003\000\040\000s\0002\0001\000:\000:\000P\000a\000i\000r\000H\000a\000s\000h\000\040\000S\000t\000r\000u\000c\000t\000\040\000R\000e\000f\000e\000r\000e\000n\000c\000e}{chapter.7}% 171
\BOOKMARK [2][-]{subsection.7.13.1}{\376\377\0007\000.\0001\0003\000.\0001\000\040\000D\000e\000t\000a\000i\000l\000e\000d\000\040\000D\000e\000s\000c\000r\000i\000p\000t\000i\000o\000n}{section.7.13}% 172
\BOOKMARK [2][-]{subsection.7.13.2}{\376\377\0007\000.\0001\0003\000.\0002\000\040\000M\000e\000m\000b\000e\000r\000\040\000F\000u\000n\000c\000t\000i\000o\000n\000\040\000D\000o\000c\000u\000m\000e\000n\000t\000a\000t\000i\000o\000n}{section.7.13}% 173
\BOOKMARK [3][-]{subsubsection.7.13.2.1}{\376\377\0007\000.\0001\0003\000.\0002\000.\0001\000\040\000o\000p\000e\000r\000a\000t\000o\000r\000\050\000\051\000\050\000\051}{subsection.7.13.2}% 174
\BOOKMARK [1][-]{section.7.14}{\376\377\0007\000.\0001\0004\000\040\000s\0002\0001\000:\000:\000P\000o\000i\000n\000t\000\040\000S\000t\000r\000u\000c\000t\000\040\000R\000e\000f\000e\000r\000e\000n\000c\000e}{chapter.7}% 175
\BOOKMARK [2][-]{subsection.7.14.1}{\376\377\0007\000.\0001\0004\000.\0001\000\040\000D\000e\000t\000a\000i\000l\000e\000d\000\040\000D\000e\000s\000c\000r\000i\000p\000t\000i\000o\000n}{section.7.14}% 176
\BOOKMARK [2][-]{subsection.7.14.2}{\376\377\0007\000.\0001\0004\000.\0002\000\040\000C\000o\000n\000s\000t\000r\000u\000c\000t\000o\000r\000\040\000\046\000\040\000D\000e\000s\000t\000r\000u\000c\000t\000o\000r\000\040\000D\000o\000c\000u\000m\000e\000n\000t\000a\000t\000i\000o\000n}{section.7.14}% 177
\BOOKMARK [3][-]{subsubsection.7.14.2.1}{\376\377\0007\000.\0001\0004\000.\0002\000.\0001\000\040\000P\000o\000i\000n\000t\000\050\000\051\000\040\000[\0001\000/\0002\000]}{subsection.7.14.2}% 178
\BOOKMARK [3][-]{subsubsection.7.14.2.2}{\376\377\0007\000.\0001\0004\000.\0002\000.\0002\000\040\000P\000o\000i\000n\000t\000\050\000\051\000\040\000[\0002\000/\0002\000]}{subsection.7.14.2}% 179
\BOOKMARK [2][-]{subsection.7.14.3}{\376\377\0007\000.\0001\0004\000.\0003\000\040\000M\000e\000m\000b\000e\000r\000\040\000F\000u\000n\000c\000t\000i\000o\000n\000\040\000D\000o\000c\000u\000m\000e\000n\000t\000a\000t\000i\000o\000n}{section.7.14}% 180
\BOOKMARK [3][-]{subsubsection.7.14.3.1}{\376\377\0007\000.\0001\0004\000.\0003\000.\0001\000\040\000g\000e\000t\000\137\000w\000\050\000\051}{subsection.7.14.3}% 181
\BOOKMARK [3][-]{subsubsection.7.14.3.2}{\376\377\0007\000.\0001\0004\000.\0003\000.\0002\000\040\000g\000e\000t\000\137\000x\000\050\000\051}{subsection.7.14.3}% 182
\BOOKMARK [3][-]{subsubsection.7.14.3.3}{\376\377\0007\000.\0001\0004\000.\0003\000.\0003\000\040\000g\000e\000t\000\137\000y\000\050\000\051}{subsection.7.14.3}% 183
\BOOKMARK [3][-]{subsubsection.7.14.3.4}{\376\377\0007\000.\0001\0004\000.\0003\000.\0004\000\040\000g\000e\000t\000\137\000z\000\050\000\051}{subsection.7.14.3}% 184
\BOOKMARK [3][-]{subsubsection.7.14.3.5}{\376\377\0007\000.\0001\0004\000.\0003\000.\0005\000\040\000o\000p\000e\000r\000a\000t\000o\000r\000*\000\050\000\051}{subsection.7.14.3}% 185
\BOOKMARK [3][-]{subsubsection.7.14.3.6}{\376\377\0007\000.\0001\0004\000.\0003\000.\0006\000\040\000o\000p\000e\000r\000a\000t\000o\000r\000=\000=\000\050\000\051}{subsection.7.14.3}% 186
\BOOKMARK [3][-]{subsubsection.7.14.3.7}{\376\377\0007\000.\0001\0004\000.\0003\000.\0007\000\040\000p\000r\000i\000n\000t\000\137\000p\000o\000i\000n\000t\000\050\000\051}{subsection.7.14.3}% 187
\BOOKMARK [3][-]{subsubsection.7.14.3.8}{\376\377\0007\000.\0001\0004\000.\0003\000.\0008\000\040\000s\000e\000t\000\137\000x\000\050\000\051}{subsection.7.14.3}% 188
\BOOKMARK [3][-]{subsubsection.7.14.3.9}{\376\377\0007\000.\0001\0004\000.\0003\000.\0009\000\040\000s\000e\000t\000\137\000y\000\050\000\051}{subsection.7.14.3}% 189
\BOOKMARK [3][-]{subsubsection.7.14.3.10}{\376\377\0007\000.\0001\0004\000.\0003\000.\0001\0000\000\040\000s\000e\000t\000\137\000z\000\050\000\051}{subsection.7.14.3}% 190
\BOOKMARK [2][-]{subsection.7.14.4}{\376\377\0007\000.\0001\0004\000.\0004\000\040\000M\000e\000m\000b\000e\000r\000\040\000D\000a\000t\000a\000\040\000D\000o\000c\000u\000m\000e\000n\000t\000a\000t\000i\000o\000n}{section.7.14}% 191
\BOOKMARK [3][-]{subsubsection.7.14.4.1}{\376\377\0007\000.\0001\0004\000.\0004\000.\0001\000\040\000w\000\137}{subsection.7.14.4}% 192
\BOOKMARK [3][-]{subsubsection.7.14.4.2}{\376\377\0007\000.\0001\0004\000.\0004\000.\0002\000\040\000x\000\137}{subsection.7.14.4}% 193
\BOOKMARK [3][-]{subsubsection.7.14.4.3}{\376\377\0007\000.\0001\0004\000.\0004\000.\0003\000\040\000y\000\137}{subsection.7.14.4}% 194
\BOOKMARK [3][-]{subsubsection.7.14.4.4}{\376\377\0007\000.\0001\0004\000.\0004\000.\0004\000\040\000z\000\137}{subsection.7.14.4}% 195
\BOOKMARK [1][-]{section.7.15}{\376\377\0007\000.\0001\0005\000\040\000s\0002\0001\000:\000:\000V\000i\000e\000w\000:\000:\000P\000r\000e\000v\000P\000o\000s\000i\000t\000i\000o\000n\000s\000\040\000S\000t\000r\000u\000c\000t\000\040\000R\000e\000f\000e\000r\000e\000n\000c\000e}{chapter.7}% 196
\BOOKMARK [2][-]{subsection.7.15.1}{\376\377\0007\000.\0001\0005\000.\0001\000\040\000D\000e\000t\000a\000i\000l\000e\000d\000\040\000D\000e\000s\000c\000r\000i\000p\000t\000i\000o\000n}{section.7.15}% 197
\BOOKMARK [2][-]{subsection.7.15.2}{\376\377\0007\000.\0001\0005\000.\0002\000\040\000M\000e\000m\000b\000e\000r\000\040\000D\000a\000t\000a\000\040\000D\000o\000c\000u\000m\000e\000n\000t\000a\000t\000i\000o\000n}{section.7.15}% 198
\BOOKMARK [3][-]{subsubsection.7.15.2.1}{\376\377\0007\000.\0001\0005\000.\0002\000.\0001\000\040\000p\000r\000e\000v\000\137\000s\000c\000a\000l\000e}{subsection.7.15.2}% 199
\BOOKMARK [3][-]{subsubsection.7.15.2.2}{\376\377\0007\000.\0001\0005\000.\0002\000.\0002\000\040\000p\000r\000e\000v\000\137\000x\000\137\000a\000n\000g\000l\000e}{subsection.7.15.2}% 200
\BOOKMARK [3][-]{subsubsection.7.15.2.3}{\376\377\0007\000.\0001\0005\000.\0002\000.\0003\000\040\000p\000r\000e\000v\000\137\000x\000\137\000p\000o\000s}{subsection.7.15.2}% 201
\BOOKMARK [3][-]{subsubsection.7.15.2.4}{\376\377\0007\000.\0001\0005\000.\0002\000.\0004\000\040\000p\000r\000e\000v\000\137\000y\000\137\000a\000n\000g\000l\000e}{subsection.7.15.2}% 202
\BOOKMARK [3][-]{subsubsection.7.15.2.5}{\376\377\0007\000.\0001\0005\000.\0002\000.\0005\000\040\000p\000r\000e\000v\000\137\000y\000\137\000p\000o\000s}{subsection.7.15.2}% 203
\BOOKMARK [3][-]{subsubsection.7.15.2.6}{\376\377\0007\000.\0001\0005\000.\0002\000.\0006\000\040\000p\000r\000e\000v\000\137\000z\000\137\000a\000n\000g\000l\000e}{subsection.7.15.2}% 204
\BOOKMARK [3][-]{subsubsection.7.15.2.7}{\376\377\0007\000.\0001\0005\000.\0002\000.\0007\000\040\000p\000r\000e\000v\000\137\000z\000\137\000p\000o\000s}{subsection.7.15.2}% 205
\BOOKMARK [1][-]{section.7.16}{\376\377\0007\000.\0001\0006\000\040\000s\0002\0001\000:\000:\000Q\000t\000S\000c\000e\000n\000e\000D\000r\000a\000w\000e\000r\000\040\000C\000l\000a\000s\000s\000\040\000R\000e\000f\000e\000r\000e\000n\000c\000e}{chapter.7}% 206
\BOOKMARK [2][-]{subsection.7.16.1}{\376\377\0007\000.\0001\0006\000.\0001\000\040\000D\000e\000t\000a\000i\000l\000e\000d\000\040\000D\000e\000s\000c\000r\000i\000p\000t\000i\000o\000n}{section.7.16}% 207
\BOOKMARK [2][-]{subsection.7.16.2}{\376\377\0007\000.\0001\0006\000.\0002\000\040\000C\000o\000n\000s\000t\000r\000u\000c\000t\000o\000r\000\040\000\046\000\040\000D\000e\000s\000t\000r\000u\000c\000t\000o\000r\000\040\000D\000o\000c\000u\000m\000e\000n\000t\000a\000t\000i\000o\000n}{section.7.16}% 208
\BOOKMARK [3][-]{subsubsection.7.16.2.1}{\376\377\0007\000.\0001\0006\000.\0002\000.\0001\000\040\000Q\000t\000S\000c\000e\000n\000e\000D\000r\000a\000w\000e\000r\000\050\000\051}{subsection.7.16.2}% 209
\BOOKMARK [3][-]{subsubsection.7.16.2.2}{\376\377\0007\000.\0001\0006\000.\0002\000.\0002\000\040\000\040\000Q\000t\000S\000c\000e\000n\000e\000D\000r\000a\000w\000e\000r\000\050\000\051}{subsection.7.16.2}% 210
\BOOKMARK [2][-]{subsection.7.16.3}{\376\377\0007\000.\0001\0006\000.\0003\000\040\000M\000e\000m\000b\000e\000r\000\040\000F\000u\000n\000c\000t\000i\000o\000n\000\040\000D\000o\000c\000u\000m\000e\000n\000t\000a\000t\000i\000o\000n}{section.7.16}% 211
\BOOKMARK [3][-]{subsubsection.7.16.3.1}{\376\377\0007\000.\0001\0006\000.\0003\000.\0001\000\040\000D\000r\000a\000w\000F\000i\000g\000u\000r\000e\000\050\000\051}{subsection.7.16.3}% 212
\BOOKMARK [3][-]{subsubsection.7.16.3.2}{\376\377\0007\000.\0001\0006\000.\0003\000.\0002\000\040\000g\000e\000t\000\137\000r\000e\000n\000d\000\137\000p\000a\000r\000a\000m\000s\000\050\000\051}{subsection.7.16.3}% 213
\BOOKMARK [3][-]{subsubsection.7.16.3.3}{\376\377\0007\000.\0001\0006\000.\0003\000.\0003\000\040\000i\000n\000i\000t\000i\000a\000l\000i\000z\000e\000G\000L\000\050\000\051}{subsection.7.16.3}% 214
\BOOKMARK [3][-]{subsubsection.7.16.3.4}{\376\377\0007\000.\0001\0006\000.\0003\000.\0004\000\040\000l\000o\000a\000d\000\137\000v\000i\000e\000w\000\137\000s\000e\000t\000t\000i\000n\000g\000s\000\050\000\051}{subsection.7.16.3}% 215
\BOOKMARK [3][-]{subsubsection.7.16.3.5}{\376\377\0007\000.\0001\0006\000.\0003\000.\0005\000\040\000p\000a\000i\000n\000t\000G\000L\000\050\000\051}{subsection.7.16.3}% 216
\BOOKMARK [3][-]{subsubsection.7.16.3.6}{\376\377\0007\000.\0001\0006\000.\0003\000.\0006\000\040\000r\000e\000s\000i\000z\000e\000G\000L\000\050\000\051}{subsection.7.16.3}% 217
\BOOKMARK [3][-]{subsubsection.7.16.3.7}{\376\377\0007\000.\0001\0006\000.\0003\000.\0007\000\040\000s\000a\000v\000e\000\137\000v\000i\000e\000w\000\137\000s\000e\000t\000t\000i\000n\000g\000s\000\050\000\051}{subsection.7.16.3}% 218
\BOOKMARK [2][-]{subsection.7.16.4}{\376\377\0007\000.\0001\0006\000.\0004\000\040\000M\000e\000m\000b\000e\000r\000\040\000D\000a\000t\000a\000\040\000D\000o\000c\000u\000m\000e\000n\000t\000a\000t\000i\000o\000n}{section.7.16}% 219
\BOOKMARK [3][-]{subsubsection.7.16.4.1}{\376\377\0007\000.\0001\0006\000.\0004\000.\0001\000\040\000a\000r\000r\000a\000y\000\137\000s\000i\000z\000e\000\137}{subsection.7.16.4}% 220
\BOOKMARK [3][-]{subsubsection.7.16.4.2}{\376\377\0007\000.\0001\0006\000.\0004\000.\0002\000\040\000e\000d\000g\000e\000s\000\137\000a\000r\000r\000a\000y\000\137}{subsection.7.16.4}% 221
\BOOKMARK [3][-]{subsubsection.7.16.4.3}{\376\377\0007\000.\0001\0006\000.\0004\000.\0003\000\040\000r\000e\000n\000d\000\137\000p\000a\000r\000a\000m\000s\000\137}{subsection.7.16.4}% 222
\BOOKMARK [3][-]{subsubsection.7.16.4.4}{\376\377\0007\000.\0001\0006\000.\0004\000.\0004\000\040\000v\000i\000e\000w\000\137\000s\000e\000t\000t\000i\000n\000g\000s\000\137}{subsection.7.16.4}% 223
\BOOKMARK [1][-]{section.7.17}{\376\377\0007\000.\0001\0007\000\040\000s\0002\0001\000:\000:\000Q\000t\000S\000c\000e\000n\000e\000D\000r\000a\000w\000e\000r\000:\000:\000R\000e\000n\000d\000P\000a\000r\000a\000m\000s\000\040\000S\000t\000r\000u\000c\000t\000\040\000R\000e\000f\000e\000r\000e\000n\000c\000e}{chapter.7}% 224
\BOOKMARK [2][-]{subsection.7.17.1}{\376\377\0007\000.\0001\0007\000.\0001\000\040\000D\000e\000t\000a\000i\000l\000e\000d\000\040\000D\000e\000s\000c\000r\000i\000p\000t\000i\000o\000n}{section.7.17}% 225
\BOOKMARK [2][-]{subsection.7.17.2}{\376\377\0007\000.\0001\0007\000.\0002\000\040\000M\000e\000m\000b\000e\000r\000\040\000E\000n\000u\000m\000e\000r\000a\000t\000i\000o\000n\000\040\000D\000o\000c\000u\000m\000e\000n\000t\000a\000t\000i\000o\000n}{section.7.17}% 226
\BOOKMARK [3][-]{subsubsection.7.17.2.1}{\376\377\0007\000.\0001\0007\000.\0002\000.\0001\000\040\000E\000d\000g\000e\000s\000T\000y\000p\000e}{subsection.7.17.2}% 227
\BOOKMARK [3][-]{subsubsection.7.17.2.2}{\376\377\0007\000.\0001\0007\000.\0002\000.\0002\000\040\000P\000r\000o\000j\000e\000c\000t\000i\000o\000n}{subsection.7.17.2}% 228
\BOOKMARK [3][-]{subsubsection.7.17.2.3}{\376\377\0007\000.\0001\0007\000.\0002\000.\0003\000\040\000V\000e\000r\000t\000i\000c\000e\000s\000T\000y\000p\000e}{subsection.7.17.2}% 229
\BOOKMARK [2][-]{subsection.7.17.3}{\376\377\0007\000.\0001\0007\000.\0003\000\040\000M\000e\000m\000b\000e\000r\000\040\000D\000a\000t\000a\000\040\000D\000o\000c\000u\000m\000e\000n\000t\000a\000t\000i\000o\000n}{section.7.17}% 230
\BOOKMARK [3][-]{subsubsection.7.17.3.1}{\376\377\0007\000.\0001\0007\000.\0003\000.\0001\000\040\000b\000g\000\137\000c\000o\000l\000o\000r}{subsection.7.17.3}% 231
\BOOKMARK [3][-]{subsubsection.7.17.3.2}{\376\377\0007\000.\0001\0007\000.\0003\000.\0002\000\040\000e\000d\000g\000e\000\137\000c\000o\000l\000o\000r}{subsection.7.17.3}% 232
\BOOKMARK [3][-]{subsubsection.7.17.3.3}{\376\377\0007\000.\0001\0007\000.\0003\000.\0003\000\040\000e\000d\000g\000e\000\137\000t\000h\000i\000c\000k\000n\000e\000s\000s}{subsection.7.17.3}% 233
\BOOKMARK [3][-]{subsubsection.7.17.3.4}{\376\377\0007\000.\0001\0007\000.\0003\000.\0004\000\040\000e\000d\000g\000e\000\137\000t\000y\000p\000e}{subsection.7.17.3}% 234
\BOOKMARK [3][-]{subsubsection.7.17.3.5}{\376\377\0007\000.\0001\0007\000.\0003\000.\0005\000\040\000p\000r\000o\000j\000e\000c\000t\000i\000o\000n}{subsection.7.17.3}% 235
\BOOKMARK [3][-]{subsubsection.7.17.3.6}{\376\377\0007\000.\0001\0007\000.\0003\000.\0006\000\040\000v\000e\000r\000t\000e\000x\000\137\000c\000o\000l\000o\000r}{subsection.7.17.3}% 236
\BOOKMARK [3][-]{subsubsection.7.17.3.7}{\376\377\0007\000.\0001\0007\000.\0003\000.\0007\000\040\000v\000e\000r\000t\000e\000x\000\137\000s\000i\000z\000e}{subsection.7.17.3}% 237
\BOOKMARK [3][-]{subsubsection.7.17.3.8}{\376\377\0007\000.\0001\0007\000.\0003\000.\0008\000\040\000v\000e\000r\000t\000e\000x\000\137\000t\000y\000p\000e}{subsection.7.17.3}% 238
\BOOKMARK [1][-]{section.7.18}{\376\377\0007\000.\0001\0008\000\040\000s\0002\0001\000:\000:\000S\000c\000e\000n\000e\000D\000r\000a\000w\000e\000r\000B\000a\000s\000e\000\040\000C\000l\000a\000s\000s\000\040\000R\000e\000f\000e\000r\000e\000n\000c\000e}{chapter.7}% 239
\BOOKMARK [2][-]{subsection.7.18.1}{\376\377\0007\000.\0001\0008\000.\0001\000\040\000D\000e\000t\000a\000i\000l\000e\000d\000\040\000D\000e\000s\000c\000r\000i\000p\000t\000i\000o\000n}{section.7.18}% 240
\BOOKMARK [2][-]{subsection.7.18.2}{\376\377\0007\000.\0001\0008\000.\0002\000\040\000C\000o\000n\000s\000t\000r\000u\000c\000t\000o\000r\000\040\000\046\000\040\000D\000e\000s\000t\000r\000u\000c\000t\000o\000r\000\040\000D\000o\000c\000u\000m\000e\000n\000t\000a\000t\000i\000o\000n}{section.7.18}% 241
\BOOKMARK [3][-]{subsubsection.7.18.2.1}{\376\377\0007\000.\0001\0008\000.\0002\000.\0001\000\040\000S\000c\000e\000n\000e\000D\000r\000a\000w\000e\000r\000B\000a\000s\000e\000\050\000\051}{subsection.7.18.2}% 242
\BOOKMARK [3][-]{subsubsection.7.18.2.2}{\376\377\0007\000.\0001\0008\000.\0002\000.\0002\000\040\000\040\000S\000c\000e\000n\000e\000D\000r\000a\000w\000e\000r\000B\000a\000s\000e\000\050\000\051}{subsection.7.18.2}% 243
\BOOKMARK [2][-]{subsection.7.18.3}{\376\377\0007\000.\0001\0008\000.\0003\000\040\000M\000e\000m\000b\000e\000r\000\040\000F\000u\000n\000c\000t\000i\000o\000n\000\040\000D\000o\000c\000u\000m\000e\000n\000t\000a\000t\000i\000o\000n}{section.7.18}% 244
\BOOKMARK [3][-]{subsubsection.7.18.3.1}{\376\377\0007\000.\0001\0008\000.\0003\000.\0001\000\040\000D\000r\000a\000w\000F\000i\000g\000u\000r\000e\000\050\000\051}{subsection.7.18.3}% 245
\BOOKMARK [1][-]{section.7.19}{\376\377\0007\000.\0001\0009\000\040\000s\0002\0001\000:\000:\000S\000c\000e\000n\000e\000O\000b\000j\000e\000c\000t\000\040\000C\000l\000a\000s\000s\000\040\000R\000e\000f\000e\000r\000e\000n\000c\000e}{chapter.7}% 246
\BOOKMARK [2][-]{subsection.7.19.1}{\376\377\0007\000.\0001\0009\000.\0001\000\040\000D\000e\000t\000a\000i\000l\000e\000d\000\040\000D\000e\000s\000c\000r\000i\000p\000t\000i\000o\000n}{section.7.19}% 247
\BOOKMARK [2][-]{subsection.7.19.2}{\376\377\0007\000.\0001\0009\000.\0002\000\040\000C\000o\000n\000s\000t\000r\000u\000c\000t\000o\000r\000\040\000\046\000\040\000D\000e\000s\000t\000r\000u\000c\000t\000o\000r\000\040\000D\000o\000c\000u\000m\000e\000n\000t\000a\000t\000i\000o\000n}{section.7.19}% 248
\BOOKMARK [3][-]{subsubsection.7.19.2.1}{\376\377\0007\000.\0001\0009\000.\0002\000.\0001\000\040\000\040\000S\000c\000e\000n\000e\000O\000b\000j\000e\000c\000t\000\050\000\051}{subsection.7.19.2}% 249
\BOOKMARK [2][-]{subsection.7.19.3}{\376\377\0007\000.\0001\0009\000.\0003\000\040\000M\000e\000m\000b\000e\000r\000\040\000F\000u\000n\000c\000t\000i\000o\000n\000\040\000D\000o\000c\000u\000m\000e\000n\000t\000a\000t\000i\000o\000n}{section.7.19}% 250
\BOOKMARK [3][-]{subsubsection.7.19.3.1}{\376\377\0007\000.\0001\0009\000.\0003\000.\0001\000\040\000t\000r\000a\000n\000s\000f\000o\000r\000m\000\050\000\051}{subsection.7.19.3}% 251
\BOOKMARK [1][-]{section.7.20}{\376\377\0007\000.\0002\0000\000\040\000s\0002\0001\000:\000:\000S\000e\000t\000t\000i\000n\000g\000s\000W\000i\000d\000g\000e\000t\000\040\000C\000l\000a\000s\000s\000\040\000R\000e\000f\000e\000r\000e\000n\000c\000e}{chapter.7}% 252
\BOOKMARK [2][-]{subsection.7.20.1}{\376\377\0007\000.\0002\0000\000.\0001\000\040\000D\000e\000t\000a\000i\000l\000e\000d\000\040\000D\000e\000s\000c\000r\000i\000p\000t\000i\000o\000n}{section.7.20}% 253
\BOOKMARK [2][-]{subsection.7.20.2}{\376\377\0007\000.\0002\0000\000.\0002\000\040\000C\000o\000n\000s\000t\000r\000u\000c\000t\000o\000r\000\040\000\046\000\040\000D\000e\000s\000t\000r\000u\000c\000t\000o\000r\000\040\000D\000o\000c\000u\000m\000e\000n\000t\000a\000t\000i\000o\000n}{section.7.20}% 254
\BOOKMARK [3][-]{subsubsection.7.20.2.1}{\376\377\0007\000.\0002\0000\000.\0002\000.\0001\000\040\000S\000e\000t\000t\000i\000n\000g\000s\000W\000i\000d\000g\000e\000t\000\050\000\051}{subsection.7.20.2}% 255
\BOOKMARK [3][-]{subsubsection.7.20.2.2}{\376\377\0007\000.\0002\0000\000.\0002\000.\0002\000\040\000\040\000S\000e\000t\000t\000i\000n\000g\000s\000W\000i\000d\000g\000e\000t\000\050\000\051}{subsection.7.20.2}% 256
\BOOKMARK [1][-]{section.7.21}{\376\377\0007\000.\0002\0001\000\040\000s\0002\0001\000:\000:\000T\000r\000a\000n\000s\000f\000o\000r\000m\000M\000a\000t\000r\000i\000x\000\040\000C\000l\000a\000s\000s\000\040\000R\000e\000f\000e\000r\000e\000n\000c\000e}{chapter.7}% 257
\BOOKMARK [2][-]{subsection.7.21.1}{\376\377\0007\000.\0002\0001\000.\0001\000\040\000D\000e\000t\000a\000i\000l\000e\000d\000\040\000D\000e\000s\000c\000r\000i\000p\000t\000i\000o\000n}{section.7.21}% 258
\BOOKMARK [2][-]{subsection.7.21.2}{\376\377\0007\000.\0002\0001\000.\0002\000\040\000C\000o\000n\000s\000t\000r\000u\000c\000t\000o\000r\000\040\000\046\000\040\000D\000e\000s\000t\000r\000u\000c\000t\000o\000r\000\040\000D\000o\000c\000u\000m\000e\000n\000t\000a\000t\000i\000o\000n}{section.7.21}% 259
\BOOKMARK [3][-]{subsubsection.7.21.2.1}{\376\377\0007\000.\0002\0001\000.\0002\000.\0001\000\040\000T\000r\000a\000n\000s\000f\000o\000r\000m\000M\000a\000t\000r\000i\000x\000\050\000\051}{subsection.7.21.2}% 260
\BOOKMARK [3][-]{subsubsection.7.21.2.2}{\376\377\0007\000.\0002\0001\000.\0002\000.\0002\000\040\000\040\000T\000r\000a\000n\000s\000f\000o\000r\000m\000M\000a\000t\000r\000i\000x\000\050\000\051}{subsection.7.21.2}% 261
\BOOKMARK [2][-]{subsection.7.21.3}{\376\377\0007\000.\0002\0001\000.\0003\000\040\000M\000e\000m\000b\000e\000r\000\040\000F\000u\000n\000c\000t\000i\000o\000n\000\040\000D\000o\000c\000u\000m\000e\000n\000t\000a\000t\000i\000o\000n}{section.7.21}% 262
\BOOKMARK [3][-]{subsubsection.7.21.3.1}{\376\377\0007\000.\0002\0001\000.\0003\000.\0001\000\040\000g\000e\000t\000\137\000e\000l\000e\000m\000\050\000\051}{subsection.7.21.3}% 263
\BOOKMARK [3][-]{subsubsection.7.21.3.2}{\376\377\0007\000.\0002\0001\000.\0003\000.\0002\000\040\000o\000p\000e\000r\000a\000t\000o\000r\000*\000\050\000\051\000\040\000[\0001\000/\0002\000]}{subsection.7.21.3}% 264
\BOOKMARK [3][-]{subsubsection.7.21.3.3}{\376\377\0007\000.\0002\0001\000.\0003\000.\0003\000\040\000o\000p\000e\000r\000a\000t\000o\000r\000*\000\050\000\051\000\040\000[\0002\000/\0002\000]}{subsection.7.21.3}% 265
\BOOKMARK [3][-]{subsubsection.7.21.3.4}{\376\377\0007\000.\0002\0001\000.\0003\000.\0004\000\040\000r\000e\000s\000e\000t\000\050\000\051}{subsection.7.21.3}% 266
\BOOKMARK [3][-]{subsubsection.7.21.3.5}{\376\377\0007\000.\0002\0001\000.\0003\000.\0005\000\040\000s\000e\000t\000\137\000e\000l\000e\000m\000\050\000\051}{subsection.7.21.3}% 267
\BOOKMARK [3][-]{subsubsection.7.21.3.6}{\376\377\0007\000.\0002\0001\000.\0003\000.\0006\000\040\000t\000r\000a\000n\000s\000f\000o\000r\000m\000\137\000p\000o\000i\000n\000t\000\050\000\051}{subsection.7.21.3}% 268
\BOOKMARK [1][-]{section.7.22}{\376\377\0007\000.\0002\0002\000\040\000s\0002\0001\000:\000:\000T\000r\000a\000n\000s\000f\000o\000r\000m\000M\000a\000t\000r\000i\000x\000B\000u\000i\000l\000d\000e\000r\000\040\000C\000l\000a\000s\000s\000\040\000R\000e\000f\000e\000r\000e\000n\000c\000e}{chapter.7}% 269
\BOOKMARK [2][-]{subsection.7.22.1}{\376\377\0007\000.\0002\0002\000.\0001\000\040\000D\000e\000t\000a\000i\000l\000e\000d\000\040\000D\000e\000s\000c\000r\000i\000p\000t\000i\000o\000n}{section.7.22}% 270
\BOOKMARK [2][-]{subsection.7.22.2}{\376\377\0007\000.\0002\0002\000.\0002\000\040\000M\000e\000m\000b\000e\000r\000\040\000F\000u\000n\000c\000t\000i\000o\000n\000\040\000D\000o\000c\000u\000m\000e\000n\000t\000a\000t\000i\000o\000n}{section.7.22}% 271
\BOOKMARK [3][-]{subsubsection.7.22.2.1}{\376\377\0007\000.\0002\0002\000.\0002\000.\0001\000\040\000c\000r\000e\000a\000t\000e\000\137\000m\000o\000v\000e\000\137\000m\000a\000t\000r\000i\000x\000\050\000\051}{subsection.7.22.2}% 272
\BOOKMARK [3][-]{subsubsection.7.22.2.2}{\376\377\0007\000.\0002\0002\000.\0002\000.\0002\000\040\000c\000r\000e\000a\000t\000e\000\137\000o\000n\000l\000y\000\137\000x\000\137\000r\000o\000t\000a\000t\000i\000o\000n\000\137\000m\000a\000t\000r\000i\000x\000\050\000\051}{subsection.7.22.2}% 273
\BOOKMARK [3][-]{subsubsection.7.22.2.3}{\376\377\0007\000.\0002\0002\000.\0002\000.\0003\000\040\000c\000r\000e\000a\000t\000e\000\137\000o\000n\000l\000y\000\137\000y\000\137\000r\000o\000t\000a\000t\000i\000o\000n\000\137\000m\000a\000t\000r\000i\000x\000\050\000\051}{subsection.7.22.2}% 274
\BOOKMARK [3][-]{subsubsection.7.22.2.4}{\376\377\0007\000.\0002\0002\000.\0002\000.\0004\000\040\000c\000r\000e\000a\000t\000e\000\137\000o\000n\000l\000y\000\137\000z\000\137\000r\000o\000t\000a\000t\000i\000o\000n\000\137\000m\000a\000t\000r\000i\000x\000\050\000\051}{subsection.7.22.2}% 275
\BOOKMARK [3][-]{subsubsection.7.22.2.5}{\376\377\0007\000.\0002\0002\000.\0002\000.\0005\000\040\000c\000r\000e\000a\000t\000e\000\137\000r\000o\000t\000a\000t\000i\000o\000n\000\137\000m\000a\000t\000r\000i\000x\000\050\000\051}{subsection.7.22.2}% 276
\BOOKMARK [3][-]{subsubsection.7.22.2.6}{\376\377\0007\000.\0002\0002\000.\0002\000.\0006\000\040\000c\000r\000e\000a\000t\000e\000\137\000s\000c\000a\000l\000e\000\137\000m\000a\000t\000r\000i\000x\000\050\000\051}{subsection.7.22.2}% 277
\BOOKMARK [1][-]{section.7.23}{\376\377\0007\000.\0002\0003\000\040\000s\0002\0001\000:\000:\000V\000e\000r\000t\000e\000x\000\040\000C\000l\000a\000s\000s\000\040\000R\000e\000f\000e\000r\000e\000n\000c\000e}{chapter.7}% 278
\BOOKMARK [2][-]{subsection.7.23.1}{\376\377\0007\000.\0002\0003\000.\0001\000\040\000D\000e\000t\000a\000i\000l\000e\000d\000\040\000D\000e\000s\000c\000r\000i\000p\000t\000i\000o\000n}{section.7.23}% 279
\BOOKMARK [2][-]{subsection.7.23.2}{\376\377\0007\000.\0002\0003\000.\0002\000\040\000C\000o\000n\000s\000t\000r\000u\000c\000t\000o\000r\000\040\000\046\000\040\000D\000e\000s\000t\000r\000u\000c\000t\000o\000r\000\040\000D\000o\000c\000u\000m\000e\000n\000t\000a\000t\000i\000o\000n}{section.7.23}% 280
\BOOKMARK [3][-]{subsubsection.7.23.2.1}{\376\377\0007\000.\0002\0003\000.\0002\000.\0001\000\040\000V\000e\000r\000t\000e\000x\000\050\000\051\000\040\000[\0001\000/\0002\000]}{subsection.7.23.2}% 281
\BOOKMARK [3][-]{subsubsection.7.23.2.2}{\376\377\0007\000.\0002\0003\000.\0002\000.\0002\000\040\000V\000e\000r\000t\000e\000x\000\050\000\051\000\040\000[\0002\000/\0002\000]}{subsection.7.23.2}% 282
\BOOKMARK [3][-]{subsubsection.7.23.2.3}{\376\377\0007\000.\0002\0003\000.\0002\000.\0003\000\040\000\040\000V\000e\000r\000t\000e\000x\000\050\000\051}{subsection.7.23.2}% 283
\BOOKMARK [2][-]{subsection.7.23.3}{\376\377\0007\000.\0002\0003\000.\0003\000\040\000M\000e\000m\000b\000e\000r\000\040\000F\000u\000n\000c\000t\000i\000o\000n\000\040\000D\000o\000c\000u\000m\000e\000n\000t\000a\000t\000i\000o\000n}{section.7.23}% 284
\BOOKMARK [3][-]{subsubsection.7.23.3.1}{\376\377\0007\000.\0002\0003\000.\0003\000.\0001\000\040\000g\000e\000t\000\137\000p\000o\000s\000i\000t\000i\000o\000n\000\050\000\051}{subsection.7.23.3}% 285
\BOOKMARK [3][-]{subsubsection.7.23.3.2}{\376\377\0007\000.\0002\0003\000.\0003\000.\0002\000\040\000o\000p\000e\000r\000a\000t\000o\000r\000=\000=\000\050\000\051}{subsection.7.23.3}% 286
\BOOKMARK [3][-]{subsubsection.7.23.3.3}{\376\377\0007\000.\0002\0003\000.\0003\000.\0003\000\040\000s\000e\000t\000\137\000p\000o\000s\000i\000t\000i\000o\000n\000\050\000\051}{subsection.7.23.3}% 287
\BOOKMARK [3][-]{subsubsection.7.23.3.4}{\376\377\0007\000.\0002\0003\000.\0003\000.\0004\000\040\000t\000r\000a\000n\000s\000f\000o\000r\000m\000\050\000\051}{subsection.7.23.3}% 288
\BOOKMARK [1][-]{section.7.24}{\376\377\0007\000.\0002\0004\000\040\000s\0002\0001\000:\000:\000V\000i\000e\000w\000\040\000C\000l\000a\000s\000s\000\040\000R\000e\000f\000e\000r\000e\000n\000c\000e}{chapter.7}% 289
\BOOKMARK [2][-]{subsection.7.24.1}{\376\377\0007\000.\0002\0004\000.\0001\000\040\000D\000e\000t\000a\000i\000l\000e\000d\000\040\000D\000e\000s\000c\000r\000i\000p\000t\000i\000o\000n}{section.7.24}% 290
\BOOKMARK [2][-]{subsection.7.24.2}{\376\377\0007\000.\0002\0004\000.\0002\000\040\000M\000e\000m\000b\000e\000r\000\040\000E\000n\000u\000m\000e\000r\000a\000t\000i\000o\000n\000\040\000D\000o\000c\000u\000m\000e\000n\000t\000a\000t\000i\000o\000n}{section.7.24}% 291
\BOOKMARK [3][-]{subsubsection.7.24.2.1}{\376\377\0007\000.\0002\0004\000.\0002\000.\0001\000\040\000C\000o\000n\000t\000r\000o\000l\000R\000a\000n\000g\000e\000s}{subsection.7.24.2}% 292
\BOOKMARK [2][-]{subsection.7.24.3}{\376\377\0007\000.\0002\0004\000.\0003\000\040\000C\000o\000n\000s\000t\000r\000u\000c\000t\000o\000r\000\040\000\046\000\040\000D\000e\000s\000t\000r\000u\000c\000t\000o\000r\000\040\000D\000o\000c\000u\000m\000e\000n\000t\000a\000t\000i\000o\000n}{section.7.24}% 293
\BOOKMARK [3][-]{subsubsection.7.24.3.1}{\376\377\0007\000.\0002\0004\000.\0003\000.\0001\000\040\000V\000i\000e\000w\000\050\000\051}{subsection.7.24.3}% 294
\BOOKMARK [3][-]{subsubsection.7.24.3.2}{\376\377\0007\000.\0002\0004\000.\0003\000.\0002\000\040\000\040\000V\000i\000e\000w\000\050\000\051}{subsection.7.24.3}% 295
\BOOKMARK [0][-]{chapter.8}{\376\377\0008\000\040\000F\000i\000l\000e\000\040\000D\000o\000c\000u\000m\000e\000n\000t\000a\000t\000i\000o\000n}{}% 296
\BOOKMARK [1][-]{section.8.1}{\376\377\0008\000.\0001\000\040\000g\000u\000i\000/\000c\000o\000n\000t\000r\000o\000l\000l\000e\000r\000/\000c\000o\000n\000t\000r\000o\000l\000l\000e\000r\000.\000c\000p\000p\000\040\000F\000i\000l\000e\000\040\000R\000e\000f\000e\000r\000e\000n\000c\000e}{chapter.8}% 297
\BOOKMARK [1][-]{section.8.2}{\376\377\0008\000.\0002\000\040\000g\000u\000i\000/\000c\000o\000n\000t\000r\000o\000l\000l\000e\000r\000/\000c\000o\000n\000t\000r\000o\000l\000l\000e\000r\000.\000h\000\040\000F\000i\000l\000e\000\040\000R\000e\000f\000e\000r\000e\000n\000c\000e}{chapter.8}% 298
\BOOKMARK [1][-]{section.8.3}{\376\377\0008\000.\0003\000\040\000g\000u\000i\000/\000m\000a\000i\000n\000.\000c\000p\000p\000\040\000F\000i\000l\000e\000\040\000R\000e\000f\000e\000r\000e\000n\000c\000e}{chapter.8}% 299
\BOOKMARK [2][-]{subsection.8.3.1}{\376\377\0008\000.\0003\000.\0001\000\040\000F\000u\000n\000c\000t\000i\000o\000n\000\040\000D\000o\000c\000u\000m\000e\000n\000t\000a\000t\000i\000o\000n}{section.8.3}% 300
\BOOKMARK [3][-]{subsubsection.8.3.1.1}{\376\377\0008\000.\0003\000.\0001\000.\0001\000\040\000m\000a\000i\000n\000\050\000\051}{subsection.8.3.1}% 301
\BOOKMARK [1][-]{section.8.4}{\376\377\0008\000.\0004\000\040\000g\000u\000i\000/\000m\000a\000i\000n\000w\000i\000n\000d\000o\000w\000.\000c\000p\000p\000\040\000F\000i\000l\000e\000\040\000R\000e\000f\000e\000r\000e\000n\000c\000e}{chapter.8}% 302
\BOOKMARK [1][-]{section.8.5}{\376\377\0008\000.\0005\000\040\000g\000u\000i\000/\000m\000a\000i\000n\000w\000i\000n\000d\000o\000w\000.\000h\000\040\000F\000i\000l\000e\000\040\000R\000e\000f\000e\000r\000e\000n\000c\000e}{chapter.8}% 303
\BOOKMARK [2][-]{subsection.8.5.1}{\376\377\0008\000.\0005\000.\0001\000\040\000M\000a\000c\000r\000o\000\040\000D\000e\000f\000i\000n\000i\000t\000i\000o\000n\000\040\000D\000o\000c\000u\000m\000e\000n\000t\000a\000t\000i\000o\000n}{section.8.5}% 304
\BOOKMARK [3][-]{subsubsection.8.5.1.1}{\376\377\0008\000.\0005\000.\0001\000.\0001\000\040\000M\000A\000I\000N\000\137\000W\000I\000N\000D\000O\000W\000\137\000H\000E\000I\000G\000H\000T}{subsection.8.5.1}% 305
\BOOKMARK [3][-]{subsubsection.8.5.1.2}{\376\377\0008\000.\0005\000.\0001\000.\0002\000\040\000M\000A\000I\000N\000\137\000W\000I\000N\000D\000O\000W\000\137\000W\000I\000D\000T\000H}{subsection.8.5.1}% 306
\BOOKMARK [1][-]{section.8.6}{\376\377\0008\000.\0006\000\040\000g\000u\000i\000/\000v\000i\000e\000w\000/\000q\000t\000\137\000s\000c\000e\000n\000e\000\137\000d\000r\000a\000w\000e\000r\000.\000c\000p\000p\000\040\000F\000i\000l\000e\000\040\000R\000e\000f\000e\000r\000e\000n\000c\000e}{chapter.8}% 307
\BOOKMARK [1][-]{section.8.7}{\376\377\0008\000.\0007\000\040\000g\000u\000i\000/\000v\000i\000e\000w\000/\000q\000t\000\137\000s\000c\000e\000n\000e\000\137\000d\000r\000a\000w\000e\000r\000.\000h\000\040\000F\000i\000l\000e\000\040\000R\000e\000f\000e\000r\000e\000n\000c\000e}{chapter.8}% 308
\BOOKMARK [2][-]{subsection.8.7.1}{\376\377\0008\000.\0007\000.\0001\000\040\000M\000a\000c\000r\000o\000\040\000D\000e\000f\000i\000n\000i\000t\000i\000o\000n\000\040\000D\000o\000c\000u\000m\000e\000n\000t\000a\000t\000i\000o\000n}{section.8.7}% 309
\BOOKMARK [3][-]{subsubsection.8.7.1.1}{\376\377\0008\000.\0007\000.\0001\000.\0001\000\040\000D\000R\000A\000W\000E\000R\000\137\000H\000E\000I\000G\000H\000T}{subsection.8.7.1}% 310
\BOOKMARK [3][-]{subsubsection.8.7.1.2}{\376\377\0008\000.\0007\000.\0001\000.\0002\000\040\000D\000R\000A\000W\000E\000R\000\137\000I\000N\000D\000E\000N\000T}{subsection.8.7.1}% 311
\BOOKMARK [3][-]{subsubsection.8.7.1.3}{\376\377\0008\000.\0007\000.\0001\000.\0003\000\040\000D\000R\000A\000W\000E\000R\000\137\000W\000I\000D\000T\000H}{subsection.8.7.1}% 312
\BOOKMARK [1][-]{section.8.8}{\376\377\0008\000.\0008\000\040\000g\000u\000i\000/\000v\000i\000e\000w\000/\000s\000e\000t\000t\000i\000n\000g\000s\000\137\000w\000i\000d\000g\000e\000t\000.\000c\000p\000p\000\040\000F\000i\000l\000e\000\040\000R\000e\000f\000e\000r\000e\000n\000c\000e}{chapter.8}% 313
\BOOKMARK [1][-]{section.8.9}{\376\377\0008\000.\0009\000\040\000g\000u\000i\000/\000v\000i\000e\000w\000/\000s\000e\000t\000t\000i\000n\000g\000s\000\137\000w\000i\000d\000g\000e\000t\000.\000h\000\040\000F\000i\000l\000e\000\040\000R\000e\000f\000e\000r\000e\000n\000c\000e}{chapter.8}% 314
\BOOKMARK [1][-]{section.8.10}{\376\377\0008\000.\0001\0000\000\040\000g\000u\000i\000/\000v\000i\000e\000w\000/\000v\000i\000e\000w\000.\000c\000p\000p\000\040\000F\000i\000l\000e\000\040\000R\000e\000f\000e\000r\000e\000n\000c\000e}{chapter.8}% 315
\BOOKMARK [1][-]{section.8.11}{\376\377\0008\000.\0001\0001\000\040\000g\000u\000i\000/\000v\000i\000e\000w\000/\000v\000i\000e\000w\000.\000h\000\040\000F\000i\000l\000e\000\040\000R\000e\000f\000e\000r\000e\000n\000c\000e}{chapter.8}% 316
\BOOKMARK [2][-]{subsection.8.11.1}{\376\377\0008\000.\0001\0001\000.\0001\000\040\000M\000a\000c\000r\000o\000\040\000D\000e\000f\000i\000n\000i\000t\000i\000o\000n\000\040\000D\000o\000c\000u\000m\000e\000n\000t\000a\000t\000i\000o\000n}{section.8.11}% 317
\BOOKMARK [3][-]{subsubsection.8.11.1.1}{\376\377\0008\000.\0001\0001\000.\0001\000.\0001\000\040\000S\000T\000A\000R\000T\000\137\000A\000N\000G\000L\000E}{subsection.8.11.1}% 318
\BOOKMARK [3][-]{subsubsection.8.11.1.2}{\376\377\0008\000.\0001\0001\000.\0001\000.\0002\000\040\000S\000T\000A\000R\000T\000\137\000P\000O\000S}{subsection.8.11.1}% 319
\BOOKMARK [3][-]{subsubsection.8.11.1.3}{\376\377\0008\000.\0001\0001\000.\0001\000.\0003\000\040\000S\000T\000A\000R\000T\000\137\000S\000C\000A\000L\000E}{subsection.8.11.1}% 320
\BOOKMARK [1][-]{section.8.12}{\376\377\0008\000.\0001\0002\000\040\000g\000u\000i\000/\000v\000i\000e\000w\000/\000w\000i\000d\000g\000e\000t\000\137\000u\000t\000i\000l\000s\000.\000c\000p\000p\000\040\000F\000i\000l\000e\000\040\000R\000e\000f\000e\000r\000e\000n\000c\000e}{chapter.8}% 321
\BOOKMARK [1][-]{section.8.13}{\376\377\0008\000.\0001\0003\000\040\000g\000u\000i\000/\000v\000i\000e\000w\000/\000w\000i\000d\000g\000e\000t\000\137\000u\000t\000i\000l\000s\000.\000h\000\040\000F\000i\000l\000e\000\040\000R\000e\000f\000e\000r\000e\000n\000c\000e}{chapter.8}% 322
\BOOKMARK [1][-]{section.8.14}{\376\377\0008\000.\0001\0004\000\040\000m\000o\000d\000e\000l\000/\000f\000a\000c\000a\000d\000e\000/\000f\000a\000c\000a\000d\000e\000.\000c\000p\000p\000\040\000F\000i\000l\000e\000\040\000R\000e\000f\000e\000r\000e\000n\000c\000e}{chapter.8}% 323
\BOOKMARK [1][-]{section.8.15}{\376\377\0008\000.\0001\0005\000\040\000m\000o\000d\000e\000l\000/\000f\000a\000c\000a\000d\000e\000/\000f\000a\000c\000a\000d\000e\000.\000h\000\040\000F\000i\000l\000e\000\040\000R\000e\000f\000e\000r\000e\000n\000c\000e}{chapter.8}% 324
\BOOKMARK [1][-]{section.8.16}{\376\377\0008\000.\0001\0006\000\040\000m\000o\000d\000e\000l\000/\000f\000a\000c\000a\000d\000e\000/\000n\000o\000r\000m\000a\000l\000i\000z\000a\000t\000i\000o\000n\000\137\000p\000a\000r\000a\000m\000e\000t\000e\000r\000s\000.\000h\000\040\000F\000i\000l\000e\000\040\000R\000e\000f\000e\000r\000e\000n\000c\000e}{chapter.8}% 325
\BOOKMARK [1][-]{section.8.17}{\376\377\0008\000.\0001\0007\000\040\000m\000o\000d\000e\000l\000/\000f\000a\000c\000a\000d\000e\000/\000s\000c\000e\000n\000e\000\137\000d\000r\000a\000w\000e\000r\000\137\000b\000a\000s\000e\000.\000h\000\040\000F\000i\000l\000e\000\040\000R\000e\000f\000e\000r\000e\000n\000c\000e}{chapter.8}% 326
\BOOKMARK [1][-]{section.8.18}{\376\377\0008\000.\0001\0008\000\040\000m\000o\000d\000e\000l\000/\000f\000i\000g\000u\000r\000e\000/\000e\000d\000g\000e\000.\000c\000p\000p\000\040\000F\000i\000l\000e\000\040\000R\000e\000f\000e\000r\000e\000n\000c\000e}{chapter.8}% 327
\BOOKMARK [1][-]{section.8.19}{\376\377\0008\000.\0001\0009\000\040\000m\000o\000d\000e\000l\000/\000f\000i\000g\000u\000r\000e\000/\000e\000d\000g\000e\000.\000h\000\040\000F\000i\000l\000e\000\040\000R\000e\000f\000e\000r\000e\000n\000c\000e}{chapter.8}% 328
\BOOKMARK [1][-]{section.8.20}{\376\377\0008\000.\0002\0000\000\040\000m\000o\000d\000e\000l\000/\000f\000i\000g\000u\000r\000e\000/\000f\000a\000c\000e\000.\000h\000\040\000F\000i\000l\000e\000\040\000R\000e\000f\000e\000r\000e\000n\000c\000e}{chapter.8}% 329
\BOOKMARK [1][-]{section.8.21}{\376\377\0008\000.\0002\0001\000\040\000m\000o\000d\000e\000l\000/\000f\000i\000g\000u\000r\000e\000/\000f\000i\000g\000u\000r\000e\000.\000c\000p\000p\000\040\000F\000i\000l\000e\000\040\000R\000e\000f\000e\000r\000e\000n\000c\000e}{chapter.8}% 330
\BOOKMARK [1][-]{section.8.22}{\376\377\0008\000.\0002\0002\000\040\000m\000o\000d\000e\000l\000/\000f\000i\000g\000u\000r\000e\000/\000f\000i\000g\000u\000r\000e\000.\000h\000\040\000F\000i\000l\000e\000\040\000R\000e\000f\000e\000r\000e\000n\000c\000e}{chapter.8}% 331
\BOOKMARK [1][-]{section.8.23}{\376\377\0008\000.\0002\0003\000\040\000m\000o\000d\000e\000l\000/\000f\000i\000g\000u\000r\000e\000/\000s\000c\000e\000n\000e\000\137\000o\000b\000j\000e\000c\000t\000.\000h\000\040\000F\000i\000l\000e\000\040\000R\000e\000f\000e\000r\000e\000n\000c\000e}{chapter.8}% 332
\BOOKMARK [1][-]{section.8.24}{\376\377\0008\000.\0002\0004\000\040\000m\000o\000d\000e\000l\000/\000f\000i\000g\000u\000r\000e\000/\000v\000e\000r\000t\000e\000x\000.\000c\000p\000p\000\040\000F\000i\000l\000e\000\040\000R\000e\000f\000e\000r\000e\000n\000c\000e}{chapter.8}% 333
\BOOKMARK [1][-]{section.8.25}{\376\377\0008\000.\0002\0005\000\040\000m\000o\000d\000e\000l\000/\000f\000i\000g\000u\000r\000e\000/\000v\000e\000r\000t\000e\000x\000.\000h\000\040\000F\000i\000l\000e\000\040\000R\000e\000f\000e\000r\000e\000n\000c\000e}{chapter.8}% 334
\BOOKMARK [1][-]{section.8.26}{\376\377\0008\000.\0002\0006\000\040\000m\000o\000d\000e\000l\000/\000f\000i\000l\000e\000\137\000r\000e\000a\000d\000e\000r\000/\000f\000i\000l\000e\000\137\000r\000e\000a\000d\000e\000r\000.\000c\000p\000p\000\040\000F\000i\000l\000e\000\040\000R\000e\000f\000e\000r\000e\000n\000c\000e}{chapter.8}% 335
\BOOKMARK [1][-]{section.8.27}{\376\377\0008\000.\0002\0007\000\040\000m\000o\000d\000e\000l\000/\000f\000i\000l\000e\000\137\000r\000e\000a\000d\000e\000r\000/\000f\000i\000l\000e\000\137\000r\000e\000a\000d\000e\000r\000.\000h\000\040\000F\000i\000l\000e\000\040\000R\000e\000f\000e\000r\000e\000n\000c\000e}{chapter.8}% 336
\BOOKMARK [1][-]{section.8.28}{\376\377\0008\000.\0002\0008\000\040\000m\000o\000d\000e\000l\000/\000t\000r\000a\000n\000s\000f\000o\000r\000m\000\137\000m\000a\000t\000r\000i\000x\000/\000t\000r\000a\000n\000s\000f\000o\000r\000m\000\137\000m\000a\000t\000r\000i\000x\000.\000c\000p\000p\000\040\000F\000i\000l\000e\000\040\000R\000e\000f\000e\000r\000e\000n\000c\000e}{chapter.8}% 337
\BOOKMARK [1][-]{section.8.29}{\376\377\0008\000.\0002\0009\000\040\000m\000o\000d\000e\000l\000/\000t\000r\000a\000n\000s\000f\000o\000r\000m\000\137\000m\000a\000t\000r\000i\000x\000/\000t\000r\000a\000n\000s\000f\000o\000r\000m\000\137\000m\000a\000t\000r\000i\000x\000.\000h\000\040\000F\000i\000l\000e\000\040\000R\000e\000f\000e\000r\000e\000n\000c\000e}{chapter.8}% 338
\BOOKMARK [2][-]{subsection.8.29.1}{\376\377\0008\000.\0002\0009\000.\0001\000\040\000F\000u\000n\000c\000t\000i\000o\000n\000\040\000D\000o\000c\000u\000m\000e\000n\000t\000a\000t\000i\000o\000n}{section.8.29}% 339
\BOOKMARK [3][-]{subsubsection.8.29.1.1}{\376\377\0008\000.\0002\0009\000.\0001\000.\0001\000\040\000d\000e\000g\000\137\000t\000o\000\137\000r\000a\000d\000\050\000\051}{subsection.8.29.1}% 340
\BOOKMARK [1][-]{section.8.30}{\376\377\0008\000.\0003\0000\000\040\000r\000e\000a\000d\000m\000e\000\137\000s\000r\000c\000/\000d\000v\000i\000\137\000r\000e\000a\000d\000m\000e\000.\000m\000d\000\040\000F\000i\000l\000e\000\040\000R\000e\000f\000e\000r\000e\000n\000c\000e}{chapter.8}% 341
